Using pre-set license
Built from '2020.3/staging' branch; Version is '2020.3.14f1 (d0d1bb862f9d) revision 13685179'; Using compiler version '192528614'; Build Type 'Release'
OS: 'Windows 10 Pro; OS build 19042.1110; Version 2009; 64bit' Language: 'ru' Physical Memory: 8145 MB
BatchMode: 1, IsHumanControllingUs: 0, StartBugReporterOnCrash: 0, Is64bit: 1, IsPro: 0

 COMMAND LINE ARGUMENTS:
E:\Unity\Editor\2020.3.14f1\Editor\Unity.exe
-adb2
-batchMode
-noUpm
-name
AssetImportWorker0
-projectPath
E:/OneDrive/Documents/HotlineNevadaRebirth
-logFile
Logs/AssetImportWorker0.log
-srvPort
51578
Successfully changed project path to: E:/OneDrive/Documents/HotlineNevadaRebirth
E:/OneDrive/Documents/HotlineNevadaRebirth
Using Asset Import Pipeline V2.
Refreshing native plugins compatible for Editor in 72.68 ms, found 3 plugins.
Preloading 0 native plugins for Editor in 0.00 ms.
Initialize engine version: 2020.3.14f1 (d0d1bb862f9d)
[Subsystems] Discovering subsystems at path E:/Unity/Editor/2020.3.14f1/Editor/Data/Resources/UnitySubsystems
[Subsystems] Discovering subsystems at path E:/OneDrive/Documents/HotlineNevadaRebirth/Assets
GfxDevice: creating device client; threaded=0
Direct3D:
    Version:  Direct3D 11.0 [level 11.1]
    Renderer: NVIDIA GeForce GTX 1050 Ti (ID=0x1c82)
    Vendor:   
    VRAM:     4018 MB
    Driver:   27.21.14.5751
Shader 'Universal Render Pipeline/Particles/Lit': fallback shader 'Universal Render Pipeline/Particles/SimpleLit' not found
Initialize mono
Mono path[0] = 'E:/Unity/Editor/2020.3.14f1/Editor/Data/Managed'
Mono path[1] = 'E:/Unity/Editor/2020.3.14f1/Editor/Data/MonoBleedingEdge/lib/mono/unityjit'
Mono config path = 'E:/Unity/Editor/2020.3.14f1/Editor/Data/MonoBleedingEdge/etc'
Using monoOptions --debugger-agent=transport=dt_socket,embedding=1,server=y,suspend=n,address=127.0.0.1:56732
Begin MonoManager ReloadAssembly
Registering precompiled unity dll's ...
Register platform support module: E:/Unity/Editor/2020.3.14f1/Editor/Data/PlaybackEngines/WindowsStandaloneSupport/UnityEditor.WindowsStandalone.Extensions.dll
Registered in 0.001606 seconds.
Native extension for WindowsStandalone target not found
Refreshing native plugins compatible for Editor in 68.19 ms, found 3 plugins.
Preloading 0 native plugins for Editor in 0.00 ms.
Mono: successfully reloaded assembly
- Completed reload, in  1.080 seconds
Domain Reload Profiling:
	ReloadAssembly (1080ms)
		BeginReloadAssembly (65ms)
			ExecutionOrderSort (0ms)
			DisableScriptedObjects (0ms)
			BackupInstance (0ms)
			ReleaseScriptingObjects (0ms)
			CreateAndSetChildDomain (1ms)
		EndReloadAssembly (512ms)
			LoadAssemblies (63ms)
			RebuildTransferFunctionScriptingTraits (0ms)
			SetupTypeCache (189ms)
			ReleaseScriptCaches (0ms)
			RebuildScriptCaches (34ms)
			SetupLoadedEditorAssemblies (211ms)
				LogAssemblyErrors (0ms)
				InitializePlatformSupportModulesInManaged (4ms)
				SetLoadedEditorAssemblies (0ms)
				RefreshPlugins (68ms)
				BeforeProcessingInitializeOnLoad (16ms)
				ProcessInitializeOnLoadAttributes (91ms)
				ProcessInitializeOnLoadMethodAttributes (31ms)
				AfterProcessingInitializeOnLoad (0ms)
				EditorAssembliesLoaded (0ms)
			ExecutionOrderSort2 (0ms)
			AwakeInstancesAfterBackupRestoration (0ms)
Platform modules already initialized, skipping
Registering precompiled user dll's ...
Registered in 0.005015 seconds.
Begin MonoManager ReloadAssembly
Native extension for WindowsStandalone target not found
Refreshing native plugins compatible for Editor in 69.98 ms, found 3 plugins.
Preloading 0 native plugins for Editor in 0.00 ms.
Mono: successfully reloaded assembly
- Completed reload, in  1.377 seconds
Domain Reload Profiling:
	ReloadAssembly (1378ms)
		BeginReloadAssembly (162ms)
			ExecutionOrderSort (0ms)
			DisableScriptedObjects (5ms)
			BackupInstance (0ms)
			ReleaseScriptingObjects (0ms)
			CreateAndSetChildDomain (19ms)
		EndReloadAssembly (1150ms)
			LoadAssemblies (105ms)
			RebuildTransferFunctionScriptingTraits (0ms)
			SetupTypeCache (407ms)
			ReleaseScriptCaches (1ms)
			RebuildScriptCaches (62ms)
			SetupLoadedEditorAssemblies (428ms)
				LogAssemblyErrors (0ms)
				InitializePlatformSupportModulesInManaged (4ms)
				SetLoadedEditorAssemblies (0ms)
				RefreshPlugins (70ms)
				BeforeProcessingInitializeOnLoad (109ms)
				ProcessInitializeOnLoadAttributes (224ms)
				ProcessInitializeOnLoadMethodAttributes (15ms)
				AfterProcessingInitializeOnLoad (5ms)
				EditorAssembliesLoaded (0ms)
			ExecutionOrderSort2 (0ms)
			AwakeInstancesAfterBackupRestoration (7ms)
Platform modules already initialized, skipping
========================================================================
Worker process is ready to serve import requests
Shader 'Universal Render Pipeline/Particles/Lit': fallback shader 'Universal Render Pipeline/Particles/SimpleLit' not found
Launched and connected shader compiler UnityShaderCompiler.exe after 0.10 seconds
Refreshing native plugins compatible for Editor in 0.67 ms, found 3 plugins.
Preloading 0 native plugins for Editor in 0.00 ms.
Unloading 3374 Unused Serialized files (Serialized files now loaded: 0)
System memory in use before: 149.6 MB.
System memory in use after: 149.7 MB.

Unloading 34 unused Assets to reduce memory usage. Loaded Objects now: 3807.
Total: 3.126000 ms (FindLiveObjects: 0.320300 ms CreateObjectMapping: 0.173800 ms MarkObjects: 2.469100 ms  DeleteObjects: 0.161200 ms)

AssetImportParameters requested are different than current active one (requested -> active):
  custom:framework-win-MediaFoundation: 216162199b28c13a410421893ffa2e32 -> 
  custom:video-decoder-ogg-theora: a1e56fd34408186e4bbccfd4996cb3dc -> 
  custom:container-muxer-webm: aa71ff27fc2769a1b78a27578f13a17b -> 
  custom:container-demuxer-webm: 4f35f7cbe854078d1ac9338744f61a02 -> 
  custom:container-demuxer-ogg: 62fdf1f143b41e24485cea50d1cbac27 -> 
  custom:video-encoder-webm-vp8: eb34c28f22e8b96e1ab97ce403110664 -> 
  custom:video-decoder-webm-vp8: 9c59270c3fd7afecdb556c50c9e8de78 -> 
  custom:audio-decoder-ogg-vorbis: bf7c407c2cedff20999df2af8eb42d56 -> 
  custom:audio-encoder-webm-vorbis: bf7c407c2cedff20999df2af8eb42d56 -> 
========================================================================
Received Import Request.
  path: ProjectSettings/TagManager.asset
  artifactKey: Guid(00000000000000003000000000000000) Importer(815301076,1909f56bfc062723c751e8b465ee728b)
Start importing ProjectSettings/TagManager.asset using Guid(00000000000000003000000000000000) Importer(815301076,1909f56bfc062723c751e8b465ee728b)  -> (artifact id: '81721e93952d7e5c9c762e52a2e50e04') in 0.072129 seconds 
  Import took 0.081462 seconds .

========================================================================
Received Prepare
Shader 'Universal Render Pipeline/Particles/Lit': fallback shader 'Universal Render Pipeline/Particles/SimpleLit' not found
Refreshing native plugins compatible for Editor in 4.01 ms, found 3 plugins.
Preloading 0 native plugins for Editor in 0.00 ms.
Unloading 20 Unused Serialized files (Serialized files now loaded: 0)
System memory in use before: 76.3 MB.
System memory in use after: 76.4 MB.

Unloading 21 unused Assets to reduce memory usage. Loaded Objects now: 3807.
Total: 3.684900 ms (FindLiveObjects: 0.342200 ms CreateObjectMapping: 0.180400 ms MarkObjects: 2.880900 ms  DeleteObjects: 0.280400 ms)

AssetImportParameters requested are different than current active one (requested -> active):
  custom:framework-win-MediaFoundation: 216162199b28c13a410421893ffa2e32 -> 
  custom:video-decoder-ogg-theora: a1e56fd34408186e4bbccfd4996cb3dc -> 
  custom:container-muxer-webm: aa71ff27fc2769a1b78a27578f13a17b -> 
  custom:container-demuxer-webm: 4f35f7cbe854078d1ac9338744f61a02 -> 
  custom:container-demuxer-ogg: 62fdf1f143b41e24485cea50d1cbac27 -> 
  custom:video-encoder-webm-vp8: eb34c28f22e8b96e1ab97ce403110664 -> 
  custom:video-decoder-webm-vp8: 9c59270c3fd7afecdb556c50c9e8de78 -> 
  custom:audio-decoder-ogg-vorbis: bf7c407c2cedff20999df2af8eb42d56 -> 
  custom:audio-encoder-webm-vorbis: bf7c407c2cedff20999df2af8eb42d56 -> 
========================================================================
Received Prepare
Registering precompiled user dll's ...
Registered in 0.007706 seconds.
Begin MonoManager ReloadAssembly
Native extension for WindowsStandalone target not found
Refreshing native plugins compatible for Editor in 0.77 ms, found 3 plugins.
Preloading 0 native plugins for Editor in 0.00 ms.
Mono: successfully reloaded assembly
- Completed reload, in  1.936 seconds
Domain Reload Profiling:
	ReloadAssembly (1938ms)
		BeginReloadAssembly (213ms)
			ExecutionOrderSort (0ms)
			DisableScriptedObjects (12ms)
			BackupInstance (0ms)
			ReleaseScriptingObjects (0ms)
			CreateAndSetChildDomain (64ms)
		EndReloadAssembly (1611ms)
			LoadAssemblies (170ms)
			RebuildTransferFunctionScriptingTraits (0ms)
			SetupTypeCache (589ms)
			ReleaseScriptCaches (2ms)
			RebuildScriptCaches (95ms)
			SetupLoadedEditorAssemblies (546ms)
				LogAssemblyErrors (0ms)
				InitializePlatformSupportModulesInManaged (6ms)
				SetLoadedEditorAssemblies (1ms)
				RefreshPlugins (1ms)
				BeforeProcessingInitializeOnLoad (151ms)
				ProcessInitializeOnLoadAttributes (367ms)
				ProcessInitializeOnLoadMethodAttributes (11ms)
				AfterProcessingInitializeOnLoad (8ms)
				EditorAssembliesLoaded (1ms)
			ExecutionOrderSort2 (0ms)
			AwakeInstancesAfterBackupRestoration (24ms)
Platform modules already initialized, skipping
Shader 'Universal Render Pipeline/Particles/Lit': fallback shader 'Universal Render Pipeline/Particles/SimpleLit' not found
Refreshing native plugins compatible for Editor in 0.94 ms, found 3 plugins.
Preloading 0 native plugins for Editor in 0.00 ms.
Unloading 3237 Unused Serialized files (Serialized files now loaded: 0)
System memory in use before: 140.0 MB.
System memory in use after: 140.1 MB.

Unloading 22 unused Assets to reduce memory usage. Loaded Objects now: 3810.
Total: 5.165500 ms (FindLiveObjects: 0.626800 ms CreateObjectMapping: 0.797600 ms MarkObjects: 3.524600 ms  DeleteObjects: 0.215000 ms)

AssetImportParameters requested are different than current active one (requested -> active):
  custom:framework-win-MediaFoundation: 216162199b28c13a410421893ffa2e32 -> 
  custom:video-decoder-ogg-theora: a1e56fd34408186e4bbccfd4996cb3dc -> 
  custom:container-muxer-webm: aa71ff27fc2769a1b78a27578f13a17b -> 
  custom:container-demuxer-webm: 4f35f7cbe854078d1ac9338744f61a02 -> 
  custom:container-demuxer-ogg: 62fdf1f143b41e24485cea50d1cbac27 -> 
  custom:video-encoder-webm-vp8: eb34c28f22e8b96e1ab97ce403110664 -> 
  custom:video-decoder-webm-vp8: 9c59270c3fd7afecdb556c50c9e8de78 -> 
  custom:audio-decoder-ogg-vorbis: bf7c407c2cedff20999df2af8eb42d56 -> 
  custom:audio-encoder-webm-vorbis: bf7c407c2cedff20999df2af8eb42d56 -> 
========================================================================
Received Prepare
Registering precompiled user dll's ...
Registered in 0.004700 seconds.
Begin MonoManager ReloadAssembly
Native extension for WindowsStandalone target not found
Refreshing native plugins compatible for Editor in 0.69 ms, found 3 plugins.
Preloading 0 native plugins for Editor in 0.00 ms.
Mono: successfully reloaded assembly
- Completed reload, in  1.298 seconds
Domain Reload Profiling:
	ReloadAssembly (1299ms)
		BeginReloadAssembly (132ms)
			ExecutionOrderSort (0ms)
			DisableScriptedObjects (7ms)
			BackupInstance (0ms)
			ReleaseScriptingObjects (0ms)
			CreateAndSetChildDomain (39ms)
		EndReloadAssembly (1083ms)
			LoadAssemblies (122ms)
			RebuildTransferFunctionScriptingTraits (0ms)
			SetupTypeCache (384ms)
			ReleaseScriptCaches (1ms)
			RebuildScriptCaches (62ms)
			SetupLoadedEditorAssemblies (358ms)
				LogAssemblyErrors (0ms)
				InitializePlatformSupportModulesInManaged (5ms)
				SetLoadedEditorAssemblies (1ms)
				RefreshPlugins (1ms)
				BeforeProcessingInitializeOnLoad (113ms)
				ProcessInitializeOnLoadAttributes (226ms)
				ProcessInitializeOnLoadMethodAttributes (6ms)
				AfterProcessingInitializeOnLoad (5ms)
				EditorAssembliesLoaded (0ms)
			ExecutionOrderSort2 (0ms)
			AwakeInstancesAfterBackupRestoration (17ms)
Platform modules already initialized, skipping
Shader 'Universal Render Pipeline/Particles/Lit': fallback shader 'Universal Render Pipeline/Particles/SimpleLit' not found
Refreshing native plugins compatible for Editor in 0.69 ms, found 3 plugins.
Preloading 0 native plugins for Editor in 0.00 ms.
Unloading 3237 Unused Serialized files (Serialized files now loaded: 0)
System memory in use before: 140.0 MB.
System memory in use after: 140.1 MB.

Unloading 22 unused Assets to reduce memory usage. Loaded Objects now: 3813.
Total: 3.319100 ms (FindLiveObjects: 0.454700 ms CreateObjectMapping: 0.188800 ms MarkObjects: 2.517000 ms  DeleteObjects: 0.157400 ms)

AssetImportParameters requested are different than current active one (requested -> active):
  custom:framework-win-MediaFoundation: 216162199b28c13a410421893ffa2e32 -> 
  custom:video-decoder-ogg-theora: a1e56fd34408186e4bbccfd4996cb3dc -> 
  custom:container-muxer-webm: aa71ff27fc2769a1b78a27578f13a17b -> 
  custom:container-demuxer-webm: 4f35f7cbe854078d1ac9338744f61a02 -> 
  custom:container-demuxer-ogg: 62fdf1f143b41e24485cea50d1cbac27 -> 
  custom:video-encoder-webm-vp8: eb34c28f22e8b96e1ab97ce403110664 -> 
  custom:video-decoder-webm-vp8: 9c59270c3fd7afecdb556c50c9e8de78 -> 
  custom:audio-decoder-ogg-vorbis: bf7c407c2cedff20999df2af8eb42d56 -> 
  custom:audio-encoder-webm-vorbis: bf7c407c2cedff20999df2af8eb42d56 -> 
========================================================================
Received Import Request.
  Time since last request: 275.526777 seconds.
  path: Assets/Prefabs/Player.prefab
  artifactKey: Guid(9509687990144f14fb08c02c871c0b6d) Importer(815301076,1909f56bfc062723c751e8b465ee728b)
Start importing Assets/Prefabs/Player.prefab using Guid(9509687990144f14fb08c02c871c0b6d) Importer(815301076,1909f56bfc062723c751e8b465ee728b)  -> (artifact id: '9475d99a54a2a6b6ba352049d99a47f8') in 0.370163 seconds 
  Import took 0.384146 seconds .

========================================================================
Received Import Request.
  Time since last request: 4.934008 seconds.
  path: Assets/Prefabs/bullet.prefab
  artifactKey: Guid(c7284aa17470a2c48bc9a3a9550a05d1) Importer(815301076,1909f56bfc062723c751e8b465ee728b)
Start importing Assets/Prefabs/bullet.prefab using Guid(c7284aa17470a2c48bc9a3a9550a05d1) Importer(815301076,1909f56bfc062723c751e8b465ee728b)  -> (artifact id: '81d1bcc723eb7a995664a666484dafeb') in 0.024602 seconds 
  Import took 0.050986 seconds .

========================================================================
Received Prepare
Registering precompiled user dll's ...
Registered in 0.005215 seconds.
Begin MonoManager ReloadAssembly
Native extension for WindowsStandalone target not found
Refreshing native plugins compatible for Editor in 0.76 ms, found 3 plugins.
Preloading 0 native plugins for Editor in 0.00 ms.
Mono: successfully reloaded assembly
- Completed reload, in  1.498 seconds
Domain Reload Profiling:
	ReloadAssembly (1498ms)
		BeginReloadAssembly (247ms)
			ExecutionOrderSort (0ms)
			DisableScriptedObjects (9ms)
			BackupInstance (0ms)
			ReleaseScriptingObjects (0ms)
			CreateAndSetChildDomain (106ms)
		EndReloadAssembly (1178ms)
			LoadAssemblies (138ms)
			RebuildTransferFunctionScriptingTraits (0ms)
			SetupTypeCache (437ms)
			ReleaseScriptCaches (2ms)
			RebuildScriptCaches (55ms)
			SetupLoadedEditorAssemblies (359ms)
				LogAssemblyErrors (0ms)
				InitializePlatformSupportModulesInManaged (4ms)
				SetLoadedEditorAssemblies (0ms)
				RefreshPlugins (1ms)
				BeforeProcessingInitializeOnLoad (106ms)
				ProcessInitializeOnLoadAttributes (234ms)
				ProcessInitializeOnLoadMethodAttributes (7ms)
				AfterProcessingInitializeOnLoad (6ms)
				EditorAssembliesLoaded (0ms)
			ExecutionOrderSort2 (0ms)
			AwakeInstancesAfterBackupRestoration (25ms)
Platform modules already initialized, skipping
Shader 'Universal Render Pipeline/Particles/Lit': fallback shader 'Universal Render Pipeline/Particles/SimpleLit' not found
Refreshing native plugins compatible for Editor in 0.75 ms, found 3 plugins.
Preloading 0 native plugins for Editor in 0.00 ms.
Unloading 3237 Unused Serialized files (Serialized files now loaded: 0)
System memory in use before: 145.2 MB.
System memory in use after: 145.3 MB.

Unloading 22 unused Assets to reduce memory usage. Loaded Objects now: 3861.
Total: 3.077000 ms (FindLiveObjects: 0.362100 ms CreateObjectMapping: 0.183500 ms MarkObjects: 2.402500 ms  DeleteObjects: 0.127500 ms)

AssetImportParameters requested are different than current active one (requested -> active):
  custom:framework-win-MediaFoundation: 216162199b28c13a410421893ffa2e32 -> 
  custom:video-decoder-ogg-theora: a1e56fd34408186e4bbccfd4996cb3dc -> 
  custom:container-muxer-webm: aa71ff27fc2769a1b78a27578f13a17b -> 
  custom:container-demuxer-webm: 4f35f7cbe854078d1ac9338744f61a02 -> 
  custom:container-demuxer-ogg: 62fdf1f143b41e24485cea50d1cbac27 -> 
  custom:video-encoder-webm-vp8: eb34c28f22e8b96e1ab97ce403110664 -> 
  custom:video-decoder-webm-vp8: 9c59270c3fd7afecdb556c50c9e8de78 -> 
  custom:audio-decoder-ogg-vorbis: bf7c407c2cedff20999df2af8eb42d56 -> 
  custom:audio-encoder-webm-vorbis: bf7c407c2cedff20999df2af8eb42d56 -> 
========================================================================
Received Prepare
Registering precompiled user dll's ...
Registered in 0.006888 seconds.
Begin MonoManager ReloadAssembly
Native extension for WindowsStandalone target not found
Refreshing native plugins compatible for Editor in 0.84 ms, found 3 plugins.
Preloading 0 native plugins for Editor in 0.00 ms.
Mono: successfully reloaded assembly
- Completed reload, in  1.690 seconds
Domain Reload Profiling:
	ReloadAssembly (1690ms)
		BeginReloadAssembly (202ms)
			ExecutionOrderSort (0ms)
			DisableScriptedObjects (8ms)
			BackupInstance (0ms)
			ReleaseScriptingObjects (0ms)
			CreateAndSetChildDomain (62ms)
		EndReloadAssembly (1324ms)
			LoadAssemblies (183ms)
			RebuildTransferFunctionScriptingTraits (0ms)
			SetupTypeCache (556ms)
			ReleaseScriptCaches (9ms)
			RebuildScriptCaches (59ms)
			SetupLoadedEditorAssemblies (378ms)
				LogAssemblyErrors (0ms)
				InitializePlatformSupportModulesInManaged (4ms)
				SetLoadedEditorAssemblies (1ms)
				RefreshPlugins (1ms)
				BeforeProcessingInitializeOnLoad (120ms)
				ProcessInitializeOnLoadAttributes (236ms)
				ProcessInitializeOnLoadMethodAttributes (11ms)
				AfterProcessingInitializeOnLoad (5ms)
				EditorAssembliesLoaded (0ms)
			ExecutionOrderSort2 (0ms)
			AwakeInstancesAfterBackupRestoration (24ms)
Platform modules already initialized, skipping
Shader 'Universal Render Pipeline/Particles/Lit': fallback shader 'Universal Render Pipeline/Particles/SimpleLit' not found
Refreshing native plugins compatible for Editor in 0.69 ms, found 3 plugins.
Preloading 0 native plugins for Editor in 0.00 ms.
Unloading 3237 Unused Serialized files (Serialized files now loaded: 0)
System memory in use before: 145.2 MB.
System memory in use after: 145.3 MB.

Unloading 22 unused Assets to reduce memory usage. Loaded Objects now: 3864.
Total: 3.531600 ms (FindLiveObjects: 0.373600 ms CreateObjectMapping: 0.156400 ms MarkObjects: 2.839300 ms  DeleteObjects: 0.160700 ms)

AssetImportParameters requested are different than current active one (requested -> active):
  custom:framework-win-MediaFoundation: 216162199b28c13a410421893ffa2e32 -> 
  custom:video-decoder-ogg-theora: a1e56fd34408186e4bbccfd4996cb3dc -> 
  custom:container-muxer-webm: aa71ff27fc2769a1b78a27578f13a17b -> 
  custom:container-demuxer-webm: 4f35f7cbe854078d1ac9338744f61a02 -> 
  custom:container-demuxer-ogg: 62fdf1f143b41e24485cea50d1cbac27 -> 
  custom:video-encoder-webm-vp8: eb34c28f22e8b96e1ab97ce403110664 -> 
  custom:video-decoder-webm-vp8: 9c59270c3fd7afecdb556c50c9e8de78 -> 
  custom:audio-decoder-ogg-vorbis: bf7c407c2cedff20999df2af8eb42d56 -> 
  custom:audio-encoder-webm-vorbis: bf7c407c2cedff20999df2af8eb42d56 -> 
========================================================================
Received Prepare
Registering precompiled user dll's ...
Registered in 0.005564 seconds.
Begin MonoManager ReloadAssembly
Native extension for WindowsStandalone target not found
Refreshing native plugins compatible for Editor in 0.66 ms, found 3 plugins.
Preloading 0 native plugins for Editor in 0.00 ms.
Mono: successfully reloaded assembly
- Completed reload, in  1.240 seconds
Domain Reload Profiling:
	ReloadAssembly (1241ms)
		BeginReloadAssembly (129ms)
			ExecutionOrderSort (0ms)
			DisableScriptedObjects (7ms)
			BackupInstance (0ms)
			ReleaseScriptingObjects (0ms)
			CreateAndSetChildDomain (37ms)
		EndReloadAssembly (1045ms)
			LoadAssemblies (117ms)
			RebuildTransferFunctionScriptingTraits (0ms)
			SetupTypeCache (359ms)
			ReleaseScriptCaches (1ms)
			RebuildScriptCaches (51ms)
			SetupLoadedEditorAssemblies (351ms)
				LogAssemblyErrors (0ms)
				InitializePlatformSupportModulesInManaged (4ms)
				SetLoadedEditorAssemblies (0ms)
				RefreshPlugins (1ms)
				BeforeProcessingInitializeOnLoad (102ms)
				ProcessInitializeOnLoadAttributes (230ms)
				ProcessInitializeOnLoadMethodAttributes (7ms)
				AfterProcessingInitializeOnLoad (6ms)
				EditorAssembliesLoaded (0ms)
			ExecutionOrderSort2 (0ms)
			AwakeInstancesAfterBackupRestoration (23ms)
Platform modules already initialized, skipping
Shader 'Universal Render Pipeline/Particles/Lit': fallback shader 'Universal Render Pipeline/Particles/SimpleLit' not found
Refreshing native plugins compatible for Editor in 0.78 ms, found 3 plugins.
Preloading 0 native plugins for Editor in 0.00 ms.
Unloading 3237 Unused Serialized files (Serialized files now loaded: 0)
System memory in use before: 145.2 MB.
System memory in use after: 145.3 MB.

Unloading 22 unused Assets to reduce memory usage. Loaded Objects now: 3867.
Total: 5.319300 ms (FindLiveObjects: 0.401000 ms CreateObjectMapping: 0.194200 ms MarkObjects: 4.587800 ms  DeleteObjects: 0.135000 ms)

AssetImportParameters requested are different than current active one (requested -> active):
  custom:framework-win-MediaFoundation: 216162199b28c13a410421893ffa2e32 -> 
  custom:video-decoder-ogg-theora: a1e56fd34408186e4bbccfd4996cb3dc -> 
  custom:container-muxer-webm: aa71ff27fc2769a1b78a27578f13a17b -> 
  custom:container-demuxer-webm: 4f35f7cbe854078d1ac9338744f61a02 -> 
  custom:container-demuxer-ogg: 62fdf1f143b41e24485cea50d1cbac27 -> 
  custom:video-encoder-webm-vp8: eb34c28f22e8b96e1ab97ce403110664 -> 
  custom:video-decoder-webm-vp8: 9c59270c3fd7afecdb556c50c9e8de78 -> 
  custom:audio-decoder-ogg-vorbis: bf7c407c2cedff20999df2af8eb42d56 -> 
  custom:audio-encoder-webm-vorbis: bf7c407c2cedff20999df2af8eb42d56 -> 
========================================================================
Received Import Request.
  Time since last request: 486.190321 seconds.
  path: Assets/Animations
  artifactKey: Guid(d23e2f293a0023b4191ac8dfa0af3943) Importer(815301076,1909f56bfc062723c751e8b465ee728b)
Start importing Assets/Animations using Guid(d23e2f293a0023b4191ac8dfa0af3943) Importer(815301076,1909f56bfc062723c751e8b465ee728b)  -> (artifact id: 'f504f7a06d626711880f3c46916ecd75') in 0.028736 seconds 
  Import took 0.059314 seconds .

========================================================================
Received Import Request.
  Time since last request: 1.846042 seconds.
  path: Assets/Animations/Hank
  artifactKey: Guid(6b56058c39d20714086f3fcd44e9ff0c) Importer(815301076,1909f56bfc062723c751e8b465ee728b)
Start importing Assets/Animations/Hank using Guid(6b56058c39d20714086f3fcd44e9ff0c) Importer(815301076,1909f56bfc062723c751e8b465ee728b)  -> (artifact id: 'c809eda541262d508c55d20ee3dc6f4e') in 0.011917 seconds 
  Import took 0.043949 seconds .

========================================================================
Received Import Request.
  Time since last request: 14.486441 seconds.
  path: Assets/Animations/Grunt
  artifactKey: Guid(5382860098d69804aa947f2ac87fdd40) Importer(815301076,1909f56bfc062723c751e8b465ee728b)
Start importing Assets/Animations/Grunt using Guid(5382860098d69804aa947f2ac87fdd40) Importer(815301076,1909f56bfc062723c751e8b465ee728b)  -> (artifact id: '41dd90b6e913e4dbdaf1fa42488c5d35') in 0.019860 seconds 
  Import took 0.050685 seconds .

========================================================================
Received Import Request.
  Time since last request: 60.543896 seconds.
  path: Assets/Animations/Gore
  artifactKey: Guid(351f99416d43e0e4eaac48e5c941cbc7) Importer(815301076,1909f56bfc062723c751e8b465ee728b)
Start importing Assets/Animations/Gore using Guid(351f99416d43e0e4eaac48e5c941cbc7) Importer(815301076,1909f56bfc062723c751e8b465ee728b)  -> (artifact id: '6019aa35170a818416249049b4052b19') in 0.023890 seconds 
  Import took 0.051171 seconds .

========================================================================
Received Import Request.
  Time since last request: 3.017004 seconds.
  path: Assets/Animations/Hank/Beneli
  artifactKey: Guid(38076754b4d850c409f507d8e44f80d2) Importer(815301076,1909f56bfc062723c751e8b465ee728b)
Start importing Assets/Animations/Hank/Beneli using Guid(38076754b4d850c409f507d8e44f80d2) Importer(815301076,1909f56bfc062723c751e8b465ee728b)  -> (artifact id: '4ee97a478220d03ad04600b83ab7bafc') in 0.011438 seconds 
  Import took 0.039640 seconds .

========================================================================
Received Import Request.
  Time since last request: 10.028794 seconds.
  path: Assets/Animations/Grunt/Beneli 1
  artifactKey: Guid(4853642de1c15fe48aea1771db6d9397) Importer(815301076,1909f56bfc062723c751e8b465ee728b)
Start importing Assets/Animations/Grunt/Beneli 1 using Guid(4853642de1c15fe48aea1771db6d9397) Importer(815301076,1909f56bfc062723c751e8b465ee728b)  -> (artifact id: 'f6d59932768586a42be5bc3a3f5ed33d') in 0.012243 seconds 
  Import took 0.020448 seconds .

========================================================================
Received Import Request.
  Time since last request: 2.525066 seconds.
  path: Assets/Animations/Grunt/Beneli
  artifactKey: Guid(4853642de1c15fe48aea1771db6d9397) Importer(815301076,1909f56bfc062723c751e8b465ee728b)
Start importing Assets/Animations/Grunt/Beneli using Guid(4853642de1c15fe48aea1771db6d9397) Importer(815301076,1909f56bfc062723c751e8b465ee728b)  -> (artifact id: '31049b12a489a3e7aa0767beb82ae54b') in 0.012357 seconds 
  Import took 0.028191 seconds .

========================================================================
Received Import Request.
  Time since last request: 1.201779 seconds.
  path: Assets/Animations/Grunt/Flamethrower 1
  artifactKey: Guid(47eeb7fc42d87db45b9cbdf992511948) Importer(815301076,1909f56bfc062723c751e8b465ee728b)
Start importing Assets/Animations/Grunt/Flamethrower 1 using Guid(47eeb7fc42d87db45b9cbdf992511948) Importer(815301076,1909f56bfc062723c751e8b465ee728b)  -> (artifact id: '8f9373d5eb7b1f27bd912e0d2543be4f') in 0.012511 seconds 
  Import took 0.019424 seconds .

========================================================================
Received Import Request.
  Time since last request: 3.811335 seconds.
  path: Assets/Animations/Grunt/Flamethrower
  artifactKey: Guid(47eeb7fc42d87db45b9cbdf992511948) Importer(815301076,1909f56bfc062723c751e8b465ee728b)
Start importing Assets/Animations/Grunt/Flamethrower using Guid(47eeb7fc42d87db45b9cbdf992511948) Importer(815301076,1909f56bfc062723c751e8b465ee728b)  -> (artifact id: '88b6654364325a3b8b3f3329ba020d89') in 0.013735 seconds 
  Import took 0.032078 seconds .

========================================================================
Received Import Request.
  Time since last request: 0.979498 seconds.
  path: Assets/Animations/Grunt/NoGun 1
  artifactKey: Guid(023d6065229c5bb4b927ea9489af8b6d) Importer(815301076,1909f56bfc062723c751e8b465ee728b)
Start importing Assets/Animations/Grunt/NoGun 1 using Guid(023d6065229c5bb4b927ea9489af8b6d) Importer(815301076,1909f56bfc062723c751e8b465ee728b)  -> (artifact id: '115b05f09e98137f8e9a0ff07e566754') in 0.012980 seconds 
  Import took 0.031955 seconds .

========================================================================
Received Import Request.
  Time since last request: 1.838905 seconds.
  path: Assets/Animations/Grunt/NoGun
  artifactKey: Guid(023d6065229c5bb4b927ea9489af8b6d) Importer(815301076,1909f56bfc062723c751e8b465ee728b)
Start importing Assets/Animations/Grunt/NoGun using Guid(023d6065229c5bb4b927ea9489af8b6d) Importer(815301076,1909f56bfc062723c751e8b465ee728b)  -> (artifact id: 'd52e964dd46d5e5d31132259558c4d3f') in 0.018625 seconds 
  Import took 0.028456 seconds .

========================================================================
Received Import Request.
  Time since last request: 1.002005 seconds.
  path: Assets/Animations/Grunt/UZI 1
  artifactKey: Guid(4946c46ea4da9d94a820dd47564bd734) Importer(815301076,1909f56bfc062723c751e8b465ee728b)
Start importing Assets/Animations/Grunt/UZI 1 using Guid(4946c46ea4da9d94a820dd47564bd734) Importer(815301076,1909f56bfc062723c751e8b465ee728b)  -> (artifact id: 'ce2f17f22a2cf6fb69606f0951446aff') in 0.013646 seconds 
  Import took 0.066502 seconds .

========================================================================
Received Import Request.
  Time since last request: 1.380186 seconds.
  path: Assets/Animations/Grunt/UZI
  artifactKey: Guid(4946c46ea4da9d94a820dd47564bd734) Importer(815301076,1909f56bfc062723c751e8b465ee728b)
Start importing Assets/Animations/Grunt/UZI using Guid(4946c46ea4da9d94a820dd47564bd734) Importer(815301076,1909f56bfc062723c751e8b465ee728b)  -> (artifact id: 'a80906b2ed229ba1c131038bf241c78f') in 0.017893 seconds 
  Import took 0.026259 seconds .

========================================================================
Received Import Request.
  Time since last request: 1.300173 seconds.
  path: Assets/Animations/Grunt/Winchester 1
  artifactKey: Guid(3188b26efbf6ad648bc746d002b382fa) Importer(815301076,1909f56bfc062723c751e8b465ee728b)
Start importing Assets/Animations/Grunt/Winchester 1 using Guid(3188b26efbf6ad648bc746d002b382fa) Importer(815301076,1909f56bfc062723c751e8b465ee728b)  -> (artifact id: 'ced44a07cbf46a4d0d957228a0502488') in 0.009013 seconds 
  Import took 0.021814 seconds .

========================================================================
Received Import Request.
  Time since last request: 2.871300 seconds.
  path: Assets/Animations/Grunt/Winchester
  artifactKey: Guid(3188b26efbf6ad648bc746d002b382fa) Importer(815301076,1909f56bfc062723c751e8b465ee728b)
Start importing Assets/Animations/Grunt/Winchester using Guid(3188b26efbf6ad648bc746d002b382fa) Importer(815301076,1909f56bfc062723c751e8b465ee728b)  -> (artifact id: '015cb6890cf75ba09548ce8e0967b000') in 0.024725 seconds 
  Import took 0.038146 seconds .

========================================================================
Received Import Request.
  Time since last request: 0.410372 seconds.
  path: Assets/Animations/Grunt/Player 1.controller
  artifactKey: Guid(628ee29fb74cba74babcf41ee5ab9ff5) Importer(815301076,1909f56bfc062723c751e8b465ee728b)
Start importing Assets/Animations/Grunt/Player 1.controller using Guid(628ee29fb74cba74babcf41ee5ab9ff5) Importer(815301076,1909f56bfc062723c751e8b465ee728b)  -> (artifact id: '86a7bbbca59f657fbfd0086a760f119b') in 0.032678 seconds 
  Import took 0.041710 seconds .

========================================================================
Received Import Request.
  Time since last request: 6.920626 seconds.
  path: Assets/Animations/Hank/Player.controller
  artifactKey: Guid(76dcee048464aca48abd110fa7e3e546) Importer(815301076,1909f56bfc062723c751e8b465ee728b)
Start importing Assets/Animations/Hank/Player.controller using Guid(76dcee048464aca48abd110fa7e3e546) Importer(815301076,1909f56bfc062723c751e8b465ee728b)  -> (artifact id: '73388e132e611001ed4285e6ade6f740') in 0.020762 seconds 
  Import took 0.035016 seconds .

========================================================================
Received Import Request.
  Time since last request: 2.271523 seconds.
  path: Assets/Animations/Hank/Hank.controller
  artifactKey: Guid(76dcee048464aca48abd110fa7e3e546) Importer(815301076,1909f56bfc062723c751e8b465ee728b)
Start importing Assets/Animations/Hank/Hank.controller using Guid(76dcee048464aca48abd110fa7e3e546) Importer(815301076,1909f56bfc062723c751e8b465ee728b)  -> (artifact id: '749676b49a53658f974042a7d6fb5aff') in 0.017062 seconds 
  Import took 0.025545 seconds .

========================================================================
Received Import Request.
  Time since last request: 48.839898 seconds.
  path: Assets/Animations/Grunt/Grunt.overrideController
  artifactKey: Guid(9e9c8c7b93c709947b8eb5f1d576c4a3) Importer(815301076,1909f56bfc062723c751e8b465ee728b)
Start importing Assets/Animations/Grunt/Grunt.overrideController using Guid(9e9c8c7b93c709947b8eb5f1d576c4a3) Importer(815301076,1909f56bfc062723c751e8b465ee728b)  -> (artifact id: '96434e3dfee5748a214045f00dd37635') in 0.019954 seconds 
  Import took 0.039952 seconds .

========================================================================
Received Import Request.
  Time since last request: 10.313335 seconds.
  path: Assets/Animations/Grunt/Beneli/hank_beneli.anim
  artifactKey: Guid(f306000cb4ee3764eb4d610f4adaff6f) Importer(815301076,1909f56bfc062723c751e8b465ee728b)
Start importing Assets/Animations/Grunt/Beneli/hank_beneli.anim using Guid(f306000cb4ee3764eb4d610f4adaff6f) Importer(815301076,1909f56bfc062723c751e8b465ee728b)  -> (artifact id: 'ac1fa8648412248d5794b387346dd285') in 0.033432 seconds 
  Import took 0.107324 seconds .

========================================================================
Received Import Request.
  Time since last request: 0.060090 seconds.
  path: Assets/Animations/Grunt/Beneli/hank_beneli.anim
  artifactKey: Guid(f306000cb4ee3764eb4d610f4adaff6f) Importer(815301076,1909f56bfc062723c751e8b465ee728b)
Start importing Assets/Animations/Grunt/Beneli/hank_beneli.anim using Guid(f306000cb4ee3764eb4d610f4adaff6f) Importer(815301076,1909f56bfc062723c751e8b465ee728b)  -> (artifact id: 'ac1fa8648412248d5794b387346dd285') in 0.007178 seconds 
  Import took 0.021624 seconds .

========================================================================
Received Import Request.
  Time since last request: 2.882402 seconds.
  path: Assets/Animations/Grunt/Beneli/grunt_beneli.anim
  artifactKey: Guid(f306000cb4ee3764eb4d610f4adaff6f) Importer(815301076,1909f56bfc062723c751e8b465ee728b)
Start importing Assets/Animations/Grunt/Beneli/grunt_beneli.anim using Guid(f306000cb4ee3764eb4d610f4adaff6f) Importer(815301076,1909f56bfc062723c751e8b465ee728b)  -> (artifact id: '3ff86e6cd3a68bb8fa21c6264e8d0340') in 0.017527 seconds 
  Import took 0.037544 seconds .

========================================================================
Received Import Request.
  Time since last request: 1.374441 seconds.
  path: Assets/Animations/Grunt/Beneli/hank_beneli_attack.anim
  artifactKey: Guid(5c210b931706ff4459331bf12da908c9) Importer(815301076,1909f56bfc062723c751e8b465ee728b)
Start importing Assets/Animations/Grunt/Beneli/hank_beneli_attack.anim using Guid(5c210b931706ff4459331bf12da908c9) Importer(815301076,1909f56bfc062723c751e8b465ee728b)  -> (artifact id: 'cf70dacf9c77361c52153a09ff087f05') in 0.012041 seconds 
  Import took 0.027412 seconds .

========================================================================
Received Import Request.
  Time since last request: 8.434561 seconds.
  path: Assets/Animations/Grunt/Beneli/grunt_beneli_attack.anim
  artifactKey: Guid(5c210b931706ff4459331bf12da908c9) Importer(815301076,1909f56bfc062723c751e8b465ee728b)
Start importing Assets/Animations/Grunt/Beneli/grunt_beneli_attack.anim using Guid(5c210b931706ff4459331bf12da908c9) Importer(815301076,1909f56bfc062723c751e8b465ee728b)  -> (artifact id: '2cac03929c5da8071b1028bb2e6004b5') in 0.014369 seconds 
  Import took 0.030538 seconds .

========================================================================
Received Import Request.
  Time since last request: 1.192920 seconds.
  path: Assets/Animations/Grunt/Beneli/hank_beneli_reload.anim
  artifactKey: Guid(a7a4427b49a219c4eadda0d833e196e4) Importer(815301076,1909f56bfc062723c751e8b465ee728b)
Start importing Assets/Animations/Grunt/Beneli/hank_beneli_reload.anim using Guid(a7a4427b49a219c4eadda0d833e196e4) Importer(815301076,1909f56bfc062723c751e8b465ee728b)  -> (artifact id: '27110bb0d9520b7ffb88c25c7c63cc5d') in 0.015689 seconds 
  Import took 0.053403 seconds .

========================================================================
Received Import Request.
  Time since last request: 3.026344 seconds.
  path: Assets/Animations/Grunt/Beneli/grunt_beneli_reload.anim
  artifactKey: Guid(a7a4427b49a219c4eadda0d833e196e4) Importer(815301076,1909f56bfc062723c751e8b465ee728b)
Start importing Assets/Animations/Grunt/Beneli/grunt_beneli_reload.anim using Guid(a7a4427b49a219c4eadda0d833e196e4) Importer(815301076,1909f56bfc062723c751e8b465ee728b)  -> (artifact id: 'a0281ab825fb4e4121980c4f8ecd00ff') in 0.011120 seconds 
  Import took 0.031007 seconds .

========================================================================
Received Import Request.
  Time since last request: 3.781163 seconds.
  path: Assets/Animations/Grunt/Flamethrower/hank_ft.anim
  artifactKey: Guid(8cf79421458401b49b071c810b40c06c) Importer(815301076,1909f56bfc062723c751e8b465ee728b)
Start importing Assets/Animations/Grunt/Flamethrower/hank_ft.anim using Guid(8cf79421458401b49b071c810b40c06c) Importer(815301076,1909f56bfc062723c751e8b465ee728b)  -> (artifact id: 'f5a54c6a9db311c8a870a917e5a4d5b8') in 0.014499 seconds 
  Import took 0.033528 seconds .

========================================================================
Received Import Request.
  Time since last request: 7.596797 seconds.
  path: Assets/Animations/Grunt/Flamethrower/grunt_ft.anim
  artifactKey: Guid(8cf79421458401b49b071c810b40c06c) Importer(815301076,1909f56bfc062723c751e8b465ee728b)
Start importing Assets/Animations/Grunt/Flamethrower/grunt_ft.anim using Guid(8cf79421458401b49b071c810b40c06c) Importer(815301076,1909f56bfc062723c751e8b465ee728b)  -> (artifact id: 'c0aa1f7e223d593cf260f4a91edbdc55') in 0.015584 seconds 
  Import took 0.033241 seconds .

========================================================================
Received Import Request.
  Time since last request: 0.388573 seconds.
  path: Assets/Animations/Grunt/Flamethrower/hank_ft_attack.anim
  artifactKey: Guid(59a4f9d2c6ed1ae4e8ab303a98f5de40) Importer(815301076,1909f56bfc062723c751e8b465ee728b)
Start importing Assets/Animations/Grunt/Flamethrower/hank_ft_attack.anim using Guid(59a4f9d2c6ed1ae4e8ab303a98f5de40) Importer(815301076,1909f56bfc062723c751e8b465ee728b)  -> (artifact id: 'e2038a980b23ff08cb81345d16814f46') in 0.015827 seconds 
  Import took 0.035214 seconds .

========================================================================
Received Import Request.
  Time since last request: 3.765405 seconds.
  path: Assets/Animations/Grunt/Flamethrower/grunt_ft_attack.anim
  artifactKey: Guid(59a4f9d2c6ed1ae4e8ab303a98f5de40) Importer(815301076,1909f56bfc062723c751e8b465ee728b)
Start importing Assets/Animations/Grunt/Flamethrower/grunt_ft_attack.anim using Guid(59a4f9d2c6ed1ae4e8ab303a98f5de40) Importer(815301076,1909f56bfc062723c751e8b465ee728b)  -> (artifact id: 'c4f06a3d7f541b6b299cd507babad99b') in 0.012545 seconds 
  Import took 0.033062 seconds .

========================================================================
Received Import Request.
  Time since last request: 0.489692 seconds.
  path: Assets/Animations/Grunt/Flamethrower/hank_ft_reload.anim
  artifactKey: Guid(5fd3b0f76c56c4c4e803994201c60fe9) Importer(815301076,1909f56bfc062723c751e8b465ee728b)
Start importing Assets/Animations/Grunt/Flamethrower/hank_ft_reload.anim using Guid(5fd3b0f76c56c4c4e803994201c60fe9) Importer(815301076,1909f56bfc062723c751e8b465ee728b)  -> (artifact id: 'd56e277b74df9d339cf79c75249086a1') in 0.015002 seconds 
  Import took 0.039062 seconds .

========================================================================
Received Import Request.
  Time since last request: 2.386401 seconds.
  path: Assets/Animations/Grunt/Flamethrower/grunt_ft_reload.anim
  artifactKey: Guid(5fd3b0f76c56c4c4e803994201c60fe9) Importer(815301076,1909f56bfc062723c751e8b465ee728b)
Start importing Assets/Animations/Grunt/Flamethrower/grunt_ft_reload.anim using Guid(5fd3b0f76c56c4c4e803994201c60fe9) Importer(815301076,1909f56bfc062723c751e8b465ee728b)  -> (artifact id: 'd2db9343b7f6c135233a0078c1815e28') in 0.022952 seconds 
  Import took 0.037902 seconds .

========================================================================
Received Import Request.
  Time since last request: 2.664861 seconds.
  path: Assets/Animations/Grunt/NoGun/hank_no_gun.anim
  artifactKey: Guid(3f3927dba86c33d469c6bb60913e99b9) Importer(815301076,1909f56bfc062723c751e8b465ee728b)
Start importing Assets/Animations/Grunt/NoGun/hank_no_gun.anim using Guid(3f3927dba86c33d469c6bb60913e99b9) Importer(815301076,1909f56bfc062723c751e8b465ee728b)  -> (artifact id: '14e5f3761d9e78ea5bfbe6c6ac6fda9e') in 0.013738 seconds 
  Import took 0.037031 seconds .

========================================================================
Received Import Request.
  Time since last request: 3.607105 seconds.
  path: Assets/Animations/Grunt/NoGun/grunt_no_gun.anim
  artifactKey: Guid(3f3927dba86c33d469c6bb60913e99b9) Importer(815301076,1909f56bfc062723c751e8b465ee728b)
Start importing Assets/Animations/Grunt/NoGun/grunt_no_gun.anim using Guid(3f3927dba86c33d469c6bb60913e99b9) Importer(815301076,1909f56bfc062723c751e8b465ee728b)  -> (artifact id: 'df9875f0031a62945692e328c3199702') in 0.011958 seconds 
  Import took 0.043666 seconds .

========================================================================
Received Import Request.
  Time since last request: 0.435144 seconds.
  path: Assets/Animations/Grunt/NoGun/hank_no_gun_attack.anim
  artifactKey: Guid(2d1e7ca83f6d8ed40891d5e89c3819c3) Importer(815301076,1909f56bfc062723c751e8b465ee728b)
Start importing Assets/Animations/Grunt/NoGun/hank_no_gun_attack.anim using Guid(2d1e7ca83f6d8ed40891d5e89c3819c3) Importer(815301076,1909f56bfc062723c751e8b465ee728b)  -> (artifact id: '7be47c8c9d260be3d45eb923989d4d0b') in 0.014942 seconds 
  Import took 0.022779 seconds .

========================================================================
Received Import Request.
  Time since last request: 0.000360 seconds.
  path: Assets/Animations/Grunt/NoGun/hank_no_gun_attack.anim
  artifactKey: Guid(2d1e7ca83f6d8ed40891d5e89c3819c3) Importer(815301076,1909f56bfc062723c751e8b465ee728b)
Start importing Assets/Animations/Grunt/NoGun/hank_no_gun_attack.anim using Guid(2d1e7ca83f6d8ed40891d5e89c3819c3) Importer(815301076,1909f56bfc062723c751e8b465ee728b)  -> (artifact id: '7be47c8c9d260be3d45eb923989d4d0b') in 0.006960 seconds 
  Import took 0.015047 seconds .

========================================================================
Received Import Request.
  Time since last request: 3.711603 seconds.
  path: Assets/Animations/Grunt/NoGun/grunt_no_gun_attack.anim
  artifactKey: Guid(2d1e7ca83f6d8ed40891d5e89c3819c3) Importer(815301076,1909f56bfc062723c751e8b465ee728b)
Start importing Assets/Animations/Grunt/NoGun/grunt_no_gun_attack.anim using Guid(2d1e7ca83f6d8ed40891d5e89c3819c3) Importer(815301076,1909f56bfc062723c751e8b465ee728b)  -> (artifact id: 'f15d3aa4fc1933ead5976bab7b770666') in 0.012178 seconds 
  Import took 0.024777 seconds .

========================================================================
Received Import Request.
  Time since last request: 14.830944 seconds.
  path: Assets/Animations/Grunt/UZI/hank_uzi.anim
  artifactKey: Guid(6aa564da44db3fa478563c40584cae12) Importer(815301076,1909f56bfc062723c751e8b465ee728b)
Start importing Assets/Animations/Grunt/UZI/hank_uzi.anim using Guid(6aa564da44db3fa478563c40584cae12) Importer(815301076,1909f56bfc062723c751e8b465ee728b)  -> (artifact id: '2e81121213ef749532eb7162b4bb8211') in 0.013178 seconds 
  Import took 0.033002 seconds .

========================================================================
Received Import Request.
  Time since last request: 2.973205 seconds.
  path: Assets/Animations/Grunt/UZI/grunt_uzi.anim
  artifactKey: Guid(6aa564da44db3fa478563c40584cae12) Importer(815301076,1909f56bfc062723c751e8b465ee728b)
Start importing Assets/Animations/Grunt/UZI/grunt_uzi.anim using Guid(6aa564da44db3fa478563c40584cae12) Importer(815301076,1909f56bfc062723c751e8b465ee728b)  -> (artifact id: 'a217ab1f98c493b7b850c21d61acf6ce') in 0.009378 seconds 
  Import took 0.041640 seconds .

========================================================================
Received Import Request.
  Time since last request: 0.559878 seconds.
  path: Assets/Animations/Grunt/UZI/hank_uzi_attack.anim
  artifactKey: Guid(efc710dcd019a254f8d5ed7fd981ac0e) Importer(815301076,1909f56bfc062723c751e8b465ee728b)
Start importing Assets/Animations/Grunt/UZI/hank_uzi_attack.anim using Guid(efc710dcd019a254f8d5ed7fd981ac0e) Importer(815301076,1909f56bfc062723c751e8b465ee728b)  -> (artifact id: 'a43b4634249e642987f8ec430041ffae') in 0.013476 seconds 
  Import took 0.032089 seconds .

========================================================================
Received Import Request.
  Time since last request: 2.361131 seconds.
  path: Assets/Animations/Grunt/UZI/grunt_uzi_attack.anim
  artifactKey: Guid(efc710dcd019a254f8d5ed7fd981ac0e) Importer(815301076,1909f56bfc062723c751e8b465ee728b)
Start importing Assets/Animations/Grunt/UZI/grunt_uzi_attack.anim using Guid(efc710dcd019a254f8d5ed7fd981ac0e) Importer(815301076,1909f56bfc062723c751e8b465ee728b)  -> (artifact id: '7d9c82fe08cf78762ececb4c1c25e3a9') in 0.012526 seconds 
  Import took 0.021884 seconds .

========================================================================
Received Import Request.
  Time since last request: 0.520795 seconds.
  path: Assets/Animations/Grunt/UZI/hank_uzi_reload.anim
  artifactKey: Guid(c86cf06baca44334597b66b2d77b9c9a) Importer(815301076,1909f56bfc062723c751e8b465ee728b)
Start importing Assets/Animations/Grunt/UZI/hank_uzi_reload.anim using Guid(c86cf06baca44334597b66b2d77b9c9a) Importer(815301076,1909f56bfc062723c751e8b465ee728b)  -> (artifact id: '1582322fd2686ac7fe38a0b5eebafa7e') in 0.010569 seconds 
  Import took 0.030226 seconds .

========================================================================
Received Import Request.
  Time since last request: 2.298841 seconds.
  path: Assets/Animations/Grunt/UZI/grunt_uzi_reload.anim
  artifactKey: Guid(c86cf06baca44334597b66b2d77b9c9a) Importer(815301076,1909f56bfc062723c751e8b465ee728b)
Start importing Assets/Animations/Grunt/UZI/grunt_uzi_reload.anim using Guid(c86cf06baca44334597b66b2d77b9c9a) Importer(815301076,1909f56bfc062723c751e8b465ee728b)  -> (artifact id: 'cbee01bd1b734ab0d799e88afa234cc0') in 0.012889 seconds 
  Import took 0.032000 seconds .

========================================================================
Received Import Request.
  Time since last request: 159.242044 seconds.
  path: Assets/Animations/Grunt/Winchester/hank_winchester_attack.anim
  artifactKey: Guid(bf4128f44b1d9024283714237115e15f) Importer(815301076,1909f56bfc062723c751e8b465ee728b)
Start importing Assets/Animations/Grunt/Winchester/hank_winchester_attack.anim using Guid(bf4128f44b1d9024283714237115e15f) Importer(815301076,1909f56bfc062723c751e8b465ee728b)  -> (artifact id: '1987be5f6cb270b66c3fce1ee8887f5c') in 0.024804 seconds 
  Import took 0.052355 seconds .

========================================================================
Received Import Request.
  Time since last request: 5.637589 seconds.
  path: Assets/Animations/Grunt/Winchester/grunt_winchester_attack.anim
  artifactKey: Guid(bf4128f44b1d9024283714237115e15f) Importer(815301076,1909f56bfc062723c751e8b465ee728b)
Start importing Assets/Animations/Grunt/Winchester/grunt_winchester_attack.anim using Guid(bf4128f44b1d9024283714237115e15f) Importer(815301076,1909f56bfc062723c751e8b465ee728b)  -> (artifact id: '0a7be9149b3de7f884fc61d13cceb83d') in 0.011531 seconds 
  Import took 0.022959 seconds .

========================================================================
Received Import Request.
  Time since last request: 4.891855 seconds.
  path: Assets/Animations/Grunt/Winchester/hank_winchester.anim
  artifactKey: Guid(868f03db4ef890949b008fe58827b46a) Importer(815301076,1909f56bfc062723c751e8b465ee728b)
Start importing Assets/Animations/Grunt/Winchester/hank_winchester.anim using Guid(868f03db4ef890949b008fe58827b46a) Importer(815301076,1909f56bfc062723c751e8b465ee728b)  -> (artifact id: '2ce6564279d4c11e0dc6b64e4ab39942') in 0.012157 seconds 
  Import took 0.023947 seconds .

========================================================================
Received Import Request.
  Time since last request: 0.000855 seconds.
  path: Assets/Animations/Grunt/Winchester/hank_winchester.anim
  artifactKey: Guid(868f03db4ef890949b008fe58827b46a) Importer(815301076,1909f56bfc062723c751e8b465ee728b)
Start importing Assets/Animations/Grunt/Winchester/hank_winchester.anim using Guid(868f03db4ef890949b008fe58827b46a) Importer(815301076,1909f56bfc062723c751e8b465ee728b)  -> (artifact id: '2ce6564279d4c11e0dc6b64e4ab39942') in 0.008032 seconds 
  Import took 0.015637 seconds .

========================================================================
Received Import Request.
  Time since last request: 2.197811 seconds.
  path: Assets/Animations/Grunt/Winchester/grunt_winchester.anim
  artifactKey: Guid(868f03db4ef890949b008fe58827b46a) Importer(815301076,1909f56bfc062723c751e8b465ee728b)
Start importing Assets/Animations/Grunt/Winchester/grunt_winchester.anim using Guid(868f03db4ef890949b008fe58827b46a) Importer(815301076,1909f56bfc062723c751e8b465ee728b)  -> (artifact id: 'e87b70cc64308699e2008ca0c3751931') in 0.013766 seconds 
  Import took 0.029944 seconds .

========================================================================
Received Import Request.
  Time since last request: 0.461194 seconds.
  path: Assets/Animations/Grunt/Winchester/hank_winchester_reload.anim
  artifactKey: Guid(de673a900afd7f3409fcf55fd0471754) Importer(815301076,1909f56bfc062723c751e8b465ee728b)
Start importing Assets/Animations/Grunt/Winchester/hank_winchester_reload.anim using Guid(de673a900afd7f3409fcf55fd0471754) Importer(815301076,1909f56bfc062723c751e8b465ee728b)  -> (artifact id: 'ca911997d170e97a5e34b61926f85d90') in 0.012569 seconds 
  Import took 0.021601 seconds .

========================================================================
Received Import Request.
  Time since last request: 0.001656 seconds.
  path: Assets/Animations/Grunt/Winchester/hank_winchester_reload.anim
  artifactKey: Guid(de673a900afd7f3409fcf55fd0471754) Importer(815301076,1909f56bfc062723c751e8b465ee728b)
Start importing Assets/Animations/Grunt/Winchester/hank_winchester_reload.anim using Guid(de673a900afd7f3409fcf55fd0471754) Importer(815301076,1909f56bfc062723c751e8b465ee728b)  -> (artifact id: 'ca911997d170e97a5e34b61926f85d90') in 0.004594 seconds 
  Import took 0.015417 seconds .

========================================================================
Received Import Request.
  Time since last request: 2.812207 seconds.
  path: Assets/Animations/Grunt/Winchester/grunt_winchester_reload.anim
  artifactKey: Guid(de673a900afd7f3409fcf55fd0471754) Importer(815301076,1909f56bfc062723c751e8b465ee728b)
Start importing Assets/Animations/Grunt/Winchester/grunt_winchester_reload.anim using Guid(de673a900afd7f3409fcf55fd0471754) Importer(815301076,1909f56bfc062723c751e8b465ee728b)  -> (artifact id: '770539ed8fd5859c32dfa9edf65321f7') in 0.010663 seconds 
  Import took 0.022242 seconds .

========================================================================
Received Import Request.
  Time since last request: 175.338142 seconds.
  path: Assets/Animations/Grunt/Grunt.overrideController
  artifactKey: Guid(9e9c8c7b93c709947b8eb5f1d576c4a3) Importer(815301076,1909f56bfc062723c751e8b465ee728b)
Start importing Assets/Animations/Grunt/Grunt.overrideController using Guid(9e9c8c7b93c709947b8eb5f1d576c4a3) Importer(815301076,1909f56bfc062723c751e8b465ee728b)  -> (artifact id: 'fb580c43658d4837973e063291d7c245') in 0.020051 seconds 
  Import took 0.039727 seconds .

========================================================================
Received Prepare
Registering precompiled user dll's ...
Registered in 0.004793 seconds.
Begin MonoManager ReloadAssembly
Native extension for WindowsStandalone target not found
Refreshing native plugins compatible for Editor in 0.66 ms, found 3 plugins.
Preloading 0 native plugins for Editor in 0.00 ms.
Mono: successfully reloaded assembly
- Completed reload, in  1.389 seconds
Domain Reload Profiling:
	ReloadAssembly (1390ms)
		BeginReloadAssembly (126ms)
			ExecutionOrderSort (0ms)
			DisableScriptedObjects (10ms)
			BackupInstance (0ms)
			ReleaseScriptingObjects (0ms)
			CreateAndSetChildDomain (42ms)
		EndReloadAssembly (1188ms)
			LoadAssemblies (134ms)
			RebuildTransferFunctionScriptingTraits (0ms)
			SetupTypeCache (413ms)
			ReleaseScriptCaches (1ms)
			RebuildScriptCaches (52ms)
			SetupLoadedEditorAssemblies (385ms)
				LogAssemblyErrors (0ms)
				InitializePlatformSupportModulesInManaged (5ms)
				SetLoadedEditorAssemblies (0ms)
				RefreshPlugins (1ms)
				BeforeProcessingInitializeOnLoad (133ms)
				ProcessInitializeOnLoadAttributes (233ms)
				ProcessInitializeOnLoadMethodAttributes (7ms)
				AfterProcessingInitializeOnLoad (5ms)
				EditorAssembliesLoaded (0ms)
			ExecutionOrderSort2 (0ms)
			AwakeInstancesAfterBackupRestoration (22ms)
Platform modules already initialized, skipping
Shader 'Universal Render Pipeline/Particles/Lit': fallback shader 'Universal Render Pipeline/Particles/SimpleLit' not found
Refreshing native plugins compatible for Editor in 1.00 ms, found 3 plugins.
Preloading 0 native plugins for Editor in 0.00 ms.
Unloading 3237 Unused Serialized files (Serialized files now loaded: 0)
System memory in use before: 145.4 MB.
System memory in use after: 145.5 MB.

Unloading 22 unused Assets to reduce memory usage. Loaded Objects now: 3870.
Total: 4.845800 ms (FindLiveObjects: 0.385600 ms CreateObjectMapping: 0.174800 ms MarkObjects: 3.886600 ms  DeleteObjects: 0.397000 ms)

AssetImportParameters requested are different than current active one (requested -> active):
  custom:framework-win-MediaFoundation: 216162199b28c13a410421893ffa2e32 -> 
  custom:video-decoder-ogg-theora: a1e56fd34408186e4bbccfd4996cb3dc -> 
  custom:container-muxer-webm: aa71ff27fc2769a1b78a27578f13a17b -> 
  custom:container-demuxer-webm: 4f35f7cbe854078d1ac9338744f61a02 -> 
  custom:container-demuxer-ogg: 62fdf1f143b41e24485cea50d1cbac27 -> 
  custom:video-encoder-webm-vp8: eb34c28f22e8b96e1ab97ce403110664 -> 
  custom:video-decoder-webm-vp8: 9c59270c3fd7afecdb556c50c9e8de78 -> 
  custom:audio-decoder-ogg-vorbis: bf7c407c2cedff20999df2af8eb42d56 -> 
  custom:audio-encoder-webm-vorbis: bf7c407c2cedff20999df2af8eb42d56 -> 
========================================================================
Received Import Request.
  Time since last request: 251.320694 seconds.
  path: Assets/Graphics/Characters/Grunt/Uzi/grunt_uzi_reload.png
  artifactKey: Guid(f9f9488ca844e944b8b8c5f9ba4221ec) Importer(815301076,1909f56bfc062723c751e8b465ee728b)
Start importing Assets/Graphics/Characters/Grunt/Uzi/grunt_uzi_reload.png using Guid(f9f9488ca844e944b8b8c5f9ba4221ec) Importer(815301076,1909f56bfc062723c751e8b465ee728b)  -> (artifact id: '53b43d4b5c1a4647849a5c0658bb72a3') in 0.509198 seconds 
  Import took 0.549527 seconds .

========================================================================
Received Prepare
Registering precompiled user dll's ...
Registered in 0.010462 seconds.
Begin MonoManager ReloadAssembly
Native extension for WindowsStandalone target not found
Refreshing native plugins compatible for Editor in 2.96 ms, found 3 plugins.
Preloading 0 native plugins for Editor in 0.00 ms.
Mono: successfully reloaded assembly
- Completed reload, in  2.596 seconds
Domain Reload Profiling:
	ReloadAssembly (2596ms)
		BeginReloadAssembly (277ms)
			ExecutionOrderSort (0ms)
			DisableScriptedObjects (16ms)
			BackupInstance (0ms)
			ReleaseScriptingObjects (0ms)
			CreateAndSetChildDomain (89ms)
		EndReloadAssembly (2179ms)
			LoadAssemblies (258ms)
			RebuildTransferFunctionScriptingTraits (0ms)
			SetupTypeCache (783ms)
			ReleaseScriptCaches (5ms)
			RebuildScriptCaches (109ms)
			SetupLoadedEditorAssemblies (670ms)
				LogAssemblyErrors (0ms)
				InitializePlatformSupportModulesInManaged (9ms)
				SetLoadedEditorAssemblies (1ms)
				RefreshPlugins (3ms)
				BeforeProcessingInitializeOnLoad (191ms)
				ProcessInitializeOnLoadAttributes (440ms)
				ProcessInitializeOnLoadMethodAttributes (16ms)
				AfterProcessingInitializeOnLoad (10ms)
				EditorAssembliesLoaded (0ms)
			ExecutionOrderSort2 (0ms)
			AwakeInstancesAfterBackupRestoration (53ms)
Platform modules already initialized, skipping
Shader 'Universal Render Pipeline/Particles/Lit': fallback shader 'Universal Render Pipeline/Particles/SimpleLit' not found
Refreshing native plugins compatible for Editor in 0.78 ms, found 3 plugins.
Preloading 0 native plugins for Editor in 0.00 ms.
Unloading 3237 Unused Serialized files (Serialized files now loaded: 0)
System memory in use before: 145.4 MB.
System memory in use after: 145.5 MB.

Unloading 22 unused Assets to reduce memory usage. Loaded Objects now: 3878.
Total: 9.206900 ms (FindLiveObjects: 1.541800 ms CreateObjectMapping: 2.913100 ms MarkObjects: 4.559900 ms  DeleteObjects: 0.190000 ms)

AssetImportParameters requested are different than current active one (requested -> active):
  custom:framework-win-MediaFoundation: 216162199b28c13a410421893ffa2e32 -> 
  custom:video-decoder-ogg-theora: a1e56fd34408186e4bbccfd4996cb3dc -> 
  custom:container-muxer-webm: aa71ff27fc2769a1b78a27578f13a17b -> 
  custom:container-demuxer-webm: 4f35f7cbe854078d1ac9338744f61a02 -> 
  custom:container-demuxer-ogg: 62fdf1f143b41e24485cea50d1cbac27 -> 
  custom:video-encoder-webm-vp8: eb34c28f22e8b96e1ab97ce403110664 -> 
  custom:video-decoder-webm-vp8: 9c59270c3fd7afecdb556c50c9e8de78 -> 
  custom:audio-decoder-ogg-vorbis: bf7c407c2cedff20999df2af8eb42d56 -> 
  custom:audio-encoder-webm-vorbis: bf7c407c2cedff20999df2af8eb42d56 -> 
========================================================================
Received Prepare
Registering precompiled user dll's ...
Registered in 0.011969 seconds.
Begin MonoManager ReloadAssembly
Native extension for WindowsStandalone target not found
Refreshing native plugins compatible for Editor in 5.17 ms, found 3 plugins.
Preloading 0 native plugins for Editor in 0.00 ms.
Mono: successfully reloaded assembly
- Completed reload, in  2.745 seconds
Domain Reload Profiling:
	ReloadAssembly (2753ms)
		BeginReloadAssembly (277ms)
			ExecutionOrderSort (0ms)
			DisableScriptedObjects (24ms)
			BackupInstance (0ms)
			ReleaseScriptingObjects (0ms)
			CreateAndSetChildDomain (72ms)
		EndReloadAssembly (2325ms)
			LoadAssemblies (231ms)
			RebuildTransferFunctionScriptingTraits (0ms)
			SetupTypeCache (799ms)
			ReleaseScriptCaches (5ms)
			RebuildScriptCaches (110ms)
			SetupLoadedEditorAssemblies (794ms)
				LogAssemblyErrors (0ms)
				InitializePlatformSupportModulesInManaged (17ms)
				SetLoadedEditorAssemblies (4ms)
				RefreshPlugins (5ms)
				BeforeProcessingInitializeOnLoad (245ms)
				ProcessInitializeOnLoadAttributes (495ms)
				ProcessInitializeOnLoadMethodAttributes (15ms)
				AfterProcessingInitializeOnLoad (12ms)
				EditorAssembliesLoaded (1ms)
			ExecutionOrderSort2 (0ms)
			AwakeInstancesAfterBackupRestoration (45ms)
Platform modules already initialized, skipping
Shader 'Universal Render Pipeline/Particles/Lit': fallback shader 'Universal Render Pipeline/Particles/SimpleLit' not found
Refreshing native plugins compatible for Editor in 1.71 ms, found 3 plugins.
Preloading 0 native plugins for Editor in 0.00 ms.
Unloading 3237 Unused Serialized files (Serialized files now loaded: 0)
System memory in use before: 145.5 MB.
System memory in use after: 145.6 MB.

Unloading 22 unused Assets to reduce memory usage. Loaded Objects now: 3881.
Total: 5.436600 ms (FindLiveObjects: 0.590400 ms CreateObjectMapping: 1.084600 ms MarkObjects: 3.603100 ms  DeleteObjects: 0.156800 ms)

AssetImportParameters requested are different than current active one (requested -> active):
  custom:framework-win-MediaFoundation: 216162199b28c13a410421893ffa2e32 -> 
  custom:video-decoder-ogg-theora: a1e56fd34408186e4bbccfd4996cb3dc -> 
  custom:container-muxer-webm: aa71ff27fc2769a1b78a27578f13a17b -> 
  custom:container-demuxer-webm: 4f35f7cbe854078d1ac9338744f61a02 -> 
  custom:container-demuxer-ogg: 62fdf1f143b41e24485cea50d1cbac27 -> 
  custom:video-encoder-webm-vp8: eb34c28f22e8b96e1ab97ce403110664 -> 
  custom:video-decoder-webm-vp8: 9c59270c3fd7afecdb556c50c9e8de78 -> 
  custom:audio-decoder-ogg-vorbis: bf7c407c2cedff20999df2af8eb42d56 -> 
  custom:audio-encoder-webm-vorbis: bf7c407c2cedff20999df2af8eb42d56 -> 
========================================================================
Received Prepare
Registering precompiled user dll's ...
Registered in 0.006712 seconds.
Begin MonoManager ReloadAssembly
Native extension for WindowsStandalone target not found
Refreshing native plugins compatible for Editor in 0.70 ms, found 3 plugins.
Preloading 0 native plugins for Editor in 0.00 ms.
Mono: successfully reloaded assembly
- Completed reload, in  2.375 seconds
Domain Reload Profiling:
	ReloadAssembly (2375ms)
		BeginReloadAssembly (186ms)
			ExecutionOrderSort (0ms)
			DisableScriptedObjects (7ms)
			BackupInstance (0ms)
			ReleaseScriptingObjects (0ms)
			CreateAndSetChildDomain (77ms)
		EndReloadAssembly (1846ms)
			LoadAssemblies (144ms)
			RebuildTransferFunctionScriptingTraits (0ms)
			SetupTypeCache (534ms)
			ReleaseScriptCaches (1ms)
			RebuildScriptCaches (63ms)
			SetupLoadedEditorAssemblies (588ms)
				LogAssemblyErrors (0ms)
				InitializePlatformSupportModulesInManaged (6ms)
				SetLoadedEditorAssemblies (1ms)
				RefreshPlugins (1ms)
				BeforeProcessingInitializeOnLoad (150ms)
				ProcessInitializeOnLoadAttributes (413ms)
				ProcessInitializeOnLoadMethodAttributes (9ms)
				AfterProcessingInitializeOnLoad (8ms)
				EditorAssembliesLoaded (0ms)
			ExecutionOrderSort2 (0ms)
			AwakeInstancesAfterBackupRestoration (32ms)
Platform modules already initialized, skipping
Shader 'Universal Render Pipeline/Particles/Lit': fallback shader 'Universal Render Pipeline/Particles/SimpleLit' not found
Refreshing native plugins compatible for Editor in 0.86 ms, found 3 plugins.
Preloading 0 native plugins for Editor in 0.00 ms.
Unloading 3237 Unused Serialized files (Serialized files now loaded: 0)
System memory in use before: 145.5 MB.
System memory in use after: 145.6 MB.

Unloading 22 unused Assets to reduce memory usage. Loaded Objects now: 3884.
Total: 4.729900 ms (FindLiveObjects: 0.422100 ms CreateObjectMapping: 0.221100 ms MarkObjects: 3.922700 ms  DeleteObjects: 0.162400 ms)

AssetImportParameters requested are different than current active one (requested -> active):
  custom:framework-win-MediaFoundation: 216162199b28c13a410421893ffa2e32 -> 
  custom:video-decoder-ogg-theora: a1e56fd34408186e4bbccfd4996cb3dc -> 
  custom:container-muxer-webm: aa71ff27fc2769a1b78a27578f13a17b -> 
  custom:container-demuxer-webm: 4f35f7cbe854078d1ac9338744f61a02 -> 
  custom:container-demuxer-ogg: 62fdf1f143b41e24485cea50d1cbac27 -> 
  custom:video-encoder-webm-vp8: eb34c28f22e8b96e1ab97ce403110664 -> 
  custom:video-decoder-webm-vp8: 9c59270c3fd7afecdb556c50c9e8de78 -> 
  custom:audio-decoder-ogg-vorbis: bf7c407c2cedff20999df2af8eb42d56 -> 
  custom:audio-encoder-webm-vorbis: bf7c407c2cedff20999df2af8eb42d56 -> 
========================================================================
Received Prepare
Registering precompiled user dll's ...
Registered in 0.007782 seconds.
Begin MonoManager ReloadAssembly
Native extension for WindowsStandalone target not found
Refreshing native plugins compatible for Editor in 0.67 ms, found 3 plugins.
Preloading 0 native plugins for Editor in 0.00 ms.
Mono: successfully reloaded assembly
- Completed reload, in  1.718 seconds
Domain Reload Profiling:
	ReloadAssembly (1718ms)
		BeginReloadAssembly (350ms)
			ExecutionOrderSort (0ms)
			DisableScriptedObjects (8ms)
			BackupInstance (0ms)
			ReleaseScriptingObjects (0ms)
			CreateAndSetChildDomain (44ms)
		EndReloadAssembly (1278ms)
			LoadAssemblies (336ms)
			RebuildTransferFunctionScriptingTraits (0ms)
			SetupTypeCache (449ms)
			ReleaseScriptCaches (2ms)
			RebuildScriptCaches (59ms)
			SetupLoadedEditorAssemblies (434ms)
				LogAssemblyErrors (0ms)
				InitializePlatformSupportModulesInManaged (5ms)
				SetLoadedEditorAssemblies (0ms)
				RefreshPlugins (1ms)
				BeforeProcessingInitializeOnLoad (149ms)
				ProcessInitializeOnLoadAttributes (266ms)
				ProcessInitializeOnLoadMethodAttributes (7ms)
				AfterProcessingInitializeOnLoad (6ms)
				EditorAssembliesLoaded (0ms)
			ExecutionOrderSort2 (0ms)
			AwakeInstancesAfterBackupRestoration (24ms)
Platform modules already initialized, skipping
Shader 'Universal Render Pipeline/Particles/Lit': fallback shader 'Universal Render Pipeline/Particles/SimpleLit' not found
Refreshing native plugins compatible for Editor in 1.31 ms, found 3 plugins.
Preloading 0 native plugins for Editor in 0.00 ms.
Unloading 3237 Unused Serialized files (Serialized files now loaded: 0)
System memory in use before: 145.5 MB.
System memory in use after: 145.6 MB.

Unloading 22 unused Assets to reduce memory usage. Loaded Objects now: 3887.
Total: 4.297900 ms (FindLiveObjects: 0.414600 ms CreateObjectMapping: 0.221500 ms MarkObjects: 3.510600 ms  DeleteObjects: 0.149800 ms)

AssetImportParameters requested are different than current active one (requested -> active):
  custom:framework-win-MediaFoundation: 216162199b28c13a410421893ffa2e32 -> 
  custom:video-decoder-ogg-theora: a1e56fd34408186e4bbccfd4996cb3dc -> 
  custom:container-muxer-webm: aa71ff27fc2769a1b78a27578f13a17b -> 
  custom:container-demuxer-webm: 4f35f7cbe854078d1ac9338744f61a02 -> 
  custom:container-demuxer-ogg: 62fdf1f143b41e24485cea50d1cbac27 -> 
  custom:video-encoder-webm-vp8: eb34c28f22e8b96e1ab97ce403110664 -> 
  custom:video-decoder-webm-vp8: 9c59270c3fd7afecdb556c50c9e8de78 -> 
  custom:audio-decoder-ogg-vorbis: bf7c407c2cedff20999df2af8eb42d56 -> 
  custom:audio-encoder-webm-vorbis: bf7c407c2cedff20999df2af8eb42d56 -> 
========================================================================
Received Prepare
Registering precompiled user dll's ...
Registered in 0.010394 seconds.
Begin MonoManager ReloadAssembly
Native extension for WindowsStandalone target not found
Refreshing native plugins compatible for Editor in 0.91 ms, found 3 plugins.
Preloading 0 native plugins for Editor in 0.00 ms.
Mono: successfully reloaded assembly
- Completed reload, in  2.670 seconds
Domain Reload Profiling:
	ReloadAssembly (2671ms)
		BeginReloadAssembly (283ms)
			ExecutionOrderSort (0ms)
			DisableScriptedObjects (16ms)
			BackupInstance (0ms)
			ReleaseScriptingObjects (0ms)
			CreateAndSetChildDomain (80ms)
		EndReloadAssembly (2227ms)
			LoadAssemblies (264ms)
			RebuildTransferFunctionScriptingTraits (0ms)
			SetupTypeCache (780ms)
			ReleaseScriptCaches (3ms)
			RebuildScriptCaches (113ms)
			SetupLoadedEditorAssemblies (722ms)
				LogAssemblyErrors (0ms)
				InitializePlatformSupportModulesInManaged (20ms)
				SetLoadedEditorAssemblies (1ms)
				RefreshPlugins (4ms)
				BeforeProcessingInitializeOnLoad (196ms)
				ProcessInitializeOnLoadAttributes (473ms)
				ProcessInitializeOnLoadMethodAttributes (19ms)
				AfterProcessingInitializeOnLoad (8ms)
				EditorAssembliesLoaded (0ms)
			ExecutionOrderSort2 (0ms)
			AwakeInstancesAfterBackupRestoration (48ms)
Platform modules already initialized, skipping
Shader 'Universal Render Pipeline/Particles/Lit': fallback shader 'Universal Render Pipeline/Particles/SimpleLit' not found
Refreshing native plugins compatible for Editor in 0.90 ms, found 3 plugins.
Preloading 0 native plugins for Editor in 0.00 ms.
Unloading 3237 Unused Serialized files (Serialized files now loaded: 0)
System memory in use before: 145.5 MB.
System memory in use after: 145.6 MB.

Unloading 22 unused Assets to reduce memory usage. Loaded Objects now: 3890.
Total: 10.042200 ms (FindLiveObjects: 4.481600 ms CreateObjectMapping: 1.830300 ms MarkObjects: 3.558500 ms  DeleteObjects: 0.169600 ms)

AssetImportParameters requested are different than current active one (requested -> active):
  custom:framework-win-MediaFoundation: 216162199b28c13a410421893ffa2e32 -> 
  custom:video-decoder-ogg-theora: a1e56fd34408186e4bbccfd4996cb3dc -> 
  custom:container-muxer-webm: aa71ff27fc2769a1b78a27578f13a17b -> 
  custom:container-demuxer-webm: 4f35f7cbe854078d1ac9338744f61a02 -> 
  custom:container-demuxer-ogg: 62fdf1f143b41e24485cea50d1cbac27 -> 
  custom:video-encoder-webm-vp8: eb34c28f22e8b96e1ab97ce403110664 -> 
  custom:video-decoder-webm-vp8: 9c59270c3fd7afecdb556c50c9e8de78 -> 
  custom:audio-decoder-ogg-vorbis: bf7c407c2cedff20999df2af8eb42d56 -> 
  custom:audio-encoder-webm-vorbis: bf7c407c2cedff20999df2af8eb42d56 -> 
========================================================================
Received Prepare
Registering precompiled user dll's ...
Registered in 0.004769 seconds.
Begin MonoManager ReloadAssembly
Native extension for WindowsStandalone target not found
Refreshing native plugins compatible for Editor in 0.73 ms, found 3 plugins.
Preloading 0 native plugins for Editor in 0.00 ms.
Mono: successfully reloaded assembly
- Completed reload, in  1.278 seconds
Domain Reload Profiling:
	ReloadAssembly (1278ms)
		BeginReloadAssembly (122ms)
			ExecutionOrderSort (0ms)
			DisableScriptedObjects (7ms)
			BackupInstance (0ms)
			ReleaseScriptingObjects (0ms)
			CreateAndSetChildDomain (39ms)
		EndReloadAssembly (1087ms)
			LoadAssemblies (117ms)
			RebuildTransferFunctionScriptingTraits (0ms)
			SetupTypeCache (345ms)
			ReleaseScriptCaches (1ms)
			RebuildScriptCaches (64ms)
			SetupLoadedEditorAssemblies (376ms)
				LogAssemblyErrors (0ms)
				InitializePlatformSupportModulesInManaged (4ms)
				SetLoadedEditorAssemblies (0ms)
				RefreshPlugins (1ms)
				BeforeProcessingInitializeOnLoad (114ms)
				ProcessInitializeOnLoadAttributes (242ms)
				ProcessInitializeOnLoadMethodAttributes (9ms)
				AfterProcessingInitializeOnLoad (5ms)
				EditorAssembliesLoaded (0ms)
			ExecutionOrderSort2 (0ms)
			AwakeInstancesAfterBackupRestoration (22ms)
Platform modules already initialized, skipping
Shader 'Universal Render Pipeline/Particles/Lit': fallback shader 'Universal Render Pipeline/Particles/SimpleLit' not found
Refreshing native plugins compatible for Editor in 0.84 ms, found 3 plugins.
Preloading 0 native plugins for Editor in 0.00 ms.
Unloading 3237 Unused Serialized files (Serialized files now loaded: 0)
System memory in use before: 145.5 MB.
System memory in use after: 145.6 MB.

Unloading 22 unused Assets to reduce memory usage. Loaded Objects now: 3893.
Total: 2.870900 ms (FindLiveObjects: 0.329300 ms CreateObjectMapping: 0.171200 ms MarkObjects: 2.211700 ms  DeleteObjects: 0.157700 ms)

AssetImportParameters requested are different than current active one (requested -> active):
  custom:framework-win-MediaFoundation: 216162199b28c13a410421893ffa2e32 -> 
  custom:video-decoder-ogg-theora: a1e56fd34408186e4bbccfd4996cb3dc -> 
  custom:container-muxer-webm: aa71ff27fc2769a1b78a27578f13a17b -> 
  custom:container-demuxer-webm: 4f35f7cbe854078d1ac9338744f61a02 -> 
  custom:container-demuxer-ogg: 62fdf1f143b41e24485cea50d1cbac27 -> 
  custom:video-encoder-webm-vp8: eb34c28f22e8b96e1ab97ce403110664 -> 
  custom:video-decoder-webm-vp8: 9c59270c3fd7afecdb556c50c9e8de78 -> 
  custom:audio-decoder-ogg-vorbis: bf7c407c2cedff20999df2af8eb42d56 -> 
  custom:audio-encoder-webm-vorbis: bf7c407c2cedff20999df2af8eb42d56 -> 
========================================================================
Received Import Request.
  Time since last request: 847.210150 seconds.
  path: Assets/Prefabs/Flame.prefab
  artifactKey: Guid(502bbe174092a994b82130bc8471019d) Importer(815301076,1909f56bfc062723c751e8b465ee728b)
Start importing Assets/Prefabs/Flame.prefab using Guid(502bbe174092a994b82130bc8471019d) Importer(815301076,1909f56bfc062723c751e8b465ee728b)  -> (artifact id: 'd65984d0f46a92e838bc8f66ab31663f') in 0.195754 seconds 
  Import took 0.214395 seconds .

========================================================================
Received Prepare
Registering precompiled user dll's ...
Registered in 0.015580 seconds.
Begin MonoManager ReloadAssembly
Native extension for WindowsStandalone target not found
Refreshing native plugins compatible for Editor in 0.66 ms, found 3 plugins.
Preloading 0 native plugins for Editor in 0.00 ms.
Mono: successfully reloaded assembly
- Completed reload, in  1.264 seconds
Domain Reload Profiling:
	ReloadAssembly (1266ms)
		BeginReloadAssembly (141ms)
			ExecutionOrderSort (0ms)
			DisableScriptedObjects (20ms)
			BackupInstance (0ms)
			ReleaseScriptingObjects (0ms)
			CreateAndSetChildDomain (42ms)
		EndReloadAssembly (1059ms)
			LoadAssemblies (101ms)
			RebuildTransferFunctionScriptingTraits (0ms)
			SetupTypeCache (359ms)
			ReleaseScriptCaches (1ms)
			RebuildScriptCaches (55ms)
			SetupLoadedEditorAssemblies (352ms)
				LogAssemblyErrors (0ms)
				InitializePlatformSupportModulesInManaged (5ms)
				SetLoadedEditorAssemblies (0ms)
				RefreshPlugins (1ms)
				BeforeProcessingInitializeOnLoad (107ms)
				ProcessInitializeOnLoadAttributes (226ms)
				ProcessInitializeOnLoadMethodAttributes (7ms)
				AfterProcessingInitializeOnLoad (5ms)
				EditorAssembliesLoaded (0ms)
			ExecutionOrderSort2 (0ms)
			AwakeInstancesAfterBackupRestoration (25ms)
Platform modules already initialized, skipping
Shader 'Universal Render Pipeline/Particles/Lit': fallback shader 'Universal Render Pipeline/Particles/SimpleLit' not found
Refreshing native plugins compatible for Editor in 0.68 ms, found 3 plugins.
Preloading 0 native plugins for Editor in 0.00 ms.
Unloading 3237 Unused Serialized files (Serialized files now loaded: 0)
System memory in use before: 145.6 MB.
System memory in use after: 145.7 MB.

Unloading 22 unused Assets to reduce memory usage. Loaded Objects now: 3932.
Total: 4.302800 ms (FindLiveObjects: 0.334100 ms CreateObjectMapping: 0.161800 ms MarkObjects: 3.635900 ms  DeleteObjects: 0.170000 ms)

AssetImportParameters requested are different than current active one (requested -> active):
  custom:framework-win-MediaFoundation: 216162199b28c13a410421893ffa2e32 -> 
  custom:video-decoder-ogg-theora: a1e56fd34408186e4bbccfd4996cb3dc -> 
  custom:container-muxer-webm: aa71ff27fc2769a1b78a27578f13a17b -> 
  custom:container-demuxer-webm: 4f35f7cbe854078d1ac9338744f61a02 -> 
  custom:container-demuxer-ogg: 62fdf1f143b41e24485cea50d1cbac27 -> 
  custom:video-encoder-webm-vp8: eb34c28f22e8b96e1ab97ce403110664 -> 
  custom:video-decoder-webm-vp8: 9c59270c3fd7afecdb556c50c9e8de78 -> 
  custom:audio-decoder-ogg-vorbis: bf7c407c2cedff20999df2af8eb42d56 -> 
  custom:audio-encoder-webm-vorbis: bf7c407c2cedff20999df2af8eb42d56 -> 
========================================================================
Received Prepare
Registering precompiled user dll's ...
Registered in 0.004676 seconds.
Begin MonoManager ReloadAssembly
Native extension for WindowsStandalone target not found
Refreshing native plugins compatible for Editor in 0.88 ms, found 3 plugins.
Preloading 0 native plugins for Editor in 0.00 ms.
Mono: successfully reloaded assembly
- Completed reload, in  1.862 seconds
Domain Reload Profiling:
	ReloadAssembly (1863ms)
		BeginReloadAssembly (187ms)
			ExecutionOrderSort (0ms)
			DisableScriptedObjects (9ms)
			BackupInstance (0ms)
			ReleaseScriptingObjects (0ms)
			CreateAndSetChildDomain (52ms)
		EndReloadAssembly (1576ms)
			LoadAssemblies (184ms)
			RebuildTransferFunctionScriptingTraits (0ms)
			SetupTypeCache (618ms)
			ReleaseScriptCaches (2ms)
			RebuildScriptCaches (84ms)
			SetupLoadedEditorAssemblies (455ms)
				LogAssemblyErrors (0ms)
				InitializePlatformSupportModulesInManaged (7ms)
				SetLoadedEditorAssemblies (1ms)
				RefreshPlugins (1ms)
				BeforeProcessingInitializeOnLoad (166ms)
				ProcessInitializeOnLoadAttributes (268ms)
				ProcessInitializeOnLoadMethodAttributes (7ms)
				AfterProcessingInitializeOnLoad (6ms)
				EditorAssembliesLoaded (0ms)
			ExecutionOrderSort2 (0ms)
			AwakeInstancesAfterBackupRestoration (24ms)
Platform modules already initialized, skipping
Shader 'Universal Render Pipeline/Particles/Lit': fallback shader 'Universal Render Pipeline/Particles/SimpleLit' not found
Refreshing native plugins compatible for Editor in 0.69 ms, found 3 plugins.
Preloading 0 native plugins for Editor in 0.00 ms.
Unloading 3237 Unused Serialized files (Serialized files now loaded: 0)
System memory in use before: 145.6 MB.
System memory in use after: 145.7 MB.

Unloading 22 unused Assets to reduce memory usage. Loaded Objects now: 3935.
Total: 3.708400 ms (FindLiveObjects: 0.303500 ms CreateObjectMapping: 0.142800 ms MarkObjects: 3.088400 ms  DeleteObjects: 0.172400 ms)

AssetImportParameters requested are different than current active one (requested -> active):
  custom:framework-win-MediaFoundation: 216162199b28c13a410421893ffa2e32 -> 
  custom:video-decoder-ogg-theora: a1e56fd34408186e4bbccfd4996cb3dc -> 
  custom:container-muxer-webm: aa71ff27fc2769a1b78a27578f13a17b -> 
  custom:container-demuxer-webm: 4f35f7cbe854078d1ac9338744f61a02 -> 
  custom:container-demuxer-ogg: 62fdf1f143b41e24485cea50d1cbac27 -> 
  custom:video-encoder-webm-vp8: eb34c28f22e8b96e1ab97ce403110664 -> 
  custom:video-decoder-webm-vp8: 9c59270c3fd7afecdb556c50c9e8de78 -> 
  custom:audio-decoder-ogg-vorbis: bf7c407c2cedff20999df2af8eb42d56 -> 
  custom:audio-encoder-webm-vorbis: bf7c407c2cedff20999df2af8eb42d56 -> 
========================================================================
Received Prepare
Registering precompiled user dll's ...
Registered in 0.004631 seconds.
Begin MonoManager ReloadAssembly
Native extension for WindowsStandalone target not found
Refreshing native plugins compatible for Editor in 0.68 ms, found 3 plugins.
Preloading 0 native plugins for Editor in 0.00 ms.
Mono: successfully reloaded assembly
- Completed reload, in  1.315 seconds
Domain Reload Profiling:
	ReloadAssembly (1315ms)
		BeginReloadAssembly (139ms)
			ExecutionOrderSort (0ms)
			DisableScriptedObjects (7ms)
			BackupInstance (0ms)
			ReleaseScriptingObjects (0ms)
			CreateAndSetChildDomain (43ms)
		EndReloadAssembly (1107ms)
			LoadAssemblies (115ms)
			RebuildTransferFunctionScriptingTraits (0ms)
			SetupTypeCache (364ms)
			ReleaseScriptCaches (1ms)
			RebuildScriptCaches (54ms)
			SetupLoadedEditorAssemblies (394ms)
				LogAssemblyErrors (0ms)
				InitializePlatformSupportModulesInManaged (5ms)
				SetLoadedEditorAssemblies (1ms)
				RefreshPlugins (1ms)
				BeforeProcessingInitializeOnLoad (123ms)
				ProcessInitializeOnLoadAttributes (251ms)
				ProcessInitializeOnLoadMethodAttributes (7ms)
				AfterProcessingInitializeOnLoad (6ms)
				EditorAssembliesLoaded (0ms)
			ExecutionOrderSort2 (0ms)
			AwakeInstancesAfterBackupRestoration (25ms)
Platform modules already initialized, skipping
Shader 'Universal Render Pipeline/Particles/Lit': fallback shader 'Universal Render Pipeline/Particles/SimpleLit' not found
Refreshing native plugins compatible for Editor in 1.76 ms, found 3 plugins.
Preloading 0 native plugins for Editor in 0.00 ms.
Unloading 3237 Unused Serialized files (Serialized files now loaded: 0)
System memory in use before: 145.6 MB.
System memory in use after: 145.7 MB.

Unloading 22 unused Assets to reduce memory usage. Loaded Objects now: 3938.
Total: 3.210700 ms (FindLiveObjects: 0.373700 ms CreateObjectMapping: 0.241600 ms MarkObjects: 2.452600 ms  DeleteObjects: 0.141700 ms)

AssetImportParameters requested are different than current active one (requested -> active):
  custom:framework-win-MediaFoundation: 216162199b28c13a410421893ffa2e32 -> 
  custom:video-decoder-ogg-theora: a1e56fd34408186e4bbccfd4996cb3dc -> 
  custom:container-muxer-webm: aa71ff27fc2769a1b78a27578f13a17b -> 
  custom:container-demuxer-webm: 4f35f7cbe854078d1ac9338744f61a02 -> 
  custom:container-demuxer-ogg: 62fdf1f143b41e24485cea50d1cbac27 -> 
  custom:video-encoder-webm-vp8: eb34c28f22e8b96e1ab97ce403110664 -> 
  custom:video-decoder-webm-vp8: 9c59270c3fd7afecdb556c50c9e8de78 -> 
  custom:audio-decoder-ogg-vorbis: bf7c407c2cedff20999df2af8eb42d56 -> 
  custom:audio-encoder-webm-vorbis: bf7c407c2cedff20999df2af8eb42d56 -> 
========================================================================
Received Prepare
Registering precompiled user dll's ...
Registered in 0.007215 seconds.
Begin MonoManager ReloadAssembly
Native extension for WindowsStandalone target not found
Refreshing native plugins compatible for Editor in 0.66 ms, found 3 plugins.
Preloading 0 native plugins for Editor in 0.00 ms.
Mono: successfully reloaded assembly
- Completed reload, in  1.471 seconds
Domain Reload Profiling:
	ReloadAssembly (1472ms)
		BeginReloadAssembly (140ms)
			ExecutionOrderSort (0ms)
			DisableScriptedObjects (12ms)
			BackupInstance (0ms)
			ReleaseScriptingObjects (0ms)
			CreateAndSetChildDomain (40ms)
		EndReloadAssembly (1263ms)
			LoadAssemblies (104ms)
			RebuildTransferFunctionScriptingTraits (0ms)
			SetupTypeCache (368ms)
			ReleaseScriptCaches (2ms)
			RebuildScriptCaches (51ms)
			SetupLoadedEditorAssemblies (559ms)
				LogAssemblyErrors (0ms)
				InitializePlatformSupportModulesInManaged (5ms)
				SetLoadedEditorAssemblies (0ms)
				RefreshPlugins (1ms)
				BeforeProcessingInitializeOnLoad (110ms)
				ProcessInitializeOnLoadAttributes (429ms)
				ProcessInitializeOnLoadMethodAttributes (7ms)
				AfterProcessingInitializeOnLoad (5ms)
				EditorAssembliesLoaded (0ms)
			ExecutionOrderSort2 (0ms)
			AwakeInstancesAfterBackupRestoration (27ms)
Platform modules already initialized, skipping
Shader 'Universal Render Pipeline/Particles/Lit': fallback shader 'Universal Render Pipeline/Particles/SimpleLit' not found
Refreshing native plugins compatible for Editor in 0.99 ms, found 3 plugins.
Preloading 0 native plugins for Editor in 0.00 ms.
Unloading 3237 Unused Serialized files (Serialized files now loaded: 0)
System memory in use before: 145.6 MB.
System memory in use after: 145.7 MB.

Unloading 22 unused Assets to reduce memory usage. Loaded Objects now: 3941.
Total: 3.694100 ms (FindLiveObjects: 0.353000 ms CreateObjectMapping: 0.193200 ms MarkObjects: 3.009400 ms  DeleteObjects: 0.137400 ms)

AssetImportParameters requested are different than current active one (requested -> active):
  custom:framework-win-MediaFoundation: 216162199b28c13a410421893ffa2e32 -> 
  custom:video-decoder-ogg-theora: a1e56fd34408186e4bbccfd4996cb3dc -> 
  custom:container-muxer-webm: aa71ff27fc2769a1b78a27578f13a17b -> 
  custom:container-demuxer-webm: 4f35f7cbe854078d1ac9338744f61a02 -> 
  custom:container-demuxer-ogg: 62fdf1f143b41e24485cea50d1cbac27 -> 
  custom:video-encoder-webm-vp8: eb34c28f22e8b96e1ab97ce403110664 -> 
  custom:video-decoder-webm-vp8: 9c59270c3fd7afecdb556c50c9e8de78 -> 
  custom:audio-decoder-ogg-vorbis: bf7c407c2cedff20999df2af8eb42d56 -> 
  custom:audio-encoder-webm-vorbis: bf7c407c2cedff20999df2af8eb42d56 -> 
========================================================================
Received Prepare
Registering precompiled user dll's ...
Registered in 0.004747 seconds.
Begin MonoManager ReloadAssembly
Native extension for WindowsStandalone target not found
Refreshing native plugins compatible for Editor in 1.37 ms, found 3 plugins.
Preloading 0 native plugins for Editor in 0.00 ms.
Mono: successfully reloaded assembly
- Completed reload, in  1.398 seconds
Domain Reload Profiling:
	ReloadAssembly (1398ms)
		BeginReloadAssembly (123ms)
			ExecutionOrderSort (0ms)
			DisableScriptedObjects (8ms)
			BackupInstance (0ms)
			ReleaseScriptingObjects (0ms)
			CreateAndSetChildDomain (38ms)
		EndReloadAssembly (1193ms)
			LoadAssemblies (106ms)
			RebuildTransferFunctionScriptingTraits (0ms)
			SetupTypeCache (420ms)
			ReleaseScriptCaches (2ms)
			RebuildScriptCaches (53ms)
			SetupLoadedEditorAssemblies (398ms)
				LogAssemblyErrors (0ms)
				InitializePlatformSupportModulesInManaged (10ms)
				SetLoadedEditorAssemblies (1ms)
				RefreshPlugins (1ms)
				BeforeProcessingInitializeOnLoad (120ms)
				ProcessInitializeOnLoadAttributes (254ms)
				ProcessInitializeOnLoadMethodAttributes (6ms)
				AfterProcessingInitializeOnLoad (6ms)
				EditorAssembliesLoaded (0ms)
			ExecutionOrderSort2 (0ms)
			AwakeInstancesAfterBackupRestoration (23ms)
Platform modules already initialized, skipping
Shader 'Universal Render Pipeline/Particles/Lit': fallback shader 'Universal Render Pipeline/Particles/SimpleLit' not found
Refreshing native plugins compatible for Editor in 0.79 ms, found 3 plugins.
Preloading 0 native plugins for Editor in 0.00 ms.
Unloading 3237 Unused Serialized files (Serialized files now loaded: 0)
System memory in use before: 145.6 MB.
System memory in use after: 145.7 MB.

Unloading 22 unused Assets to reduce memory usage. Loaded Objects now: 3944.
Total: 4.530700 ms (FindLiveObjects: 0.417200 ms CreateObjectMapping: 0.216700 ms MarkObjects: 3.677200 ms  DeleteObjects: 0.218000 ms)

AssetImportParameters requested are different than current active one (requested -> active):
  custom:framework-win-MediaFoundation: 216162199b28c13a410421893ffa2e32 -> 
  custom:video-decoder-ogg-theora: a1e56fd34408186e4bbccfd4996cb3dc -> 
  custom:container-muxer-webm: aa71ff27fc2769a1b78a27578f13a17b -> 
  custom:container-demuxer-webm: 4f35f7cbe854078d1ac9338744f61a02 -> 
  custom:container-demuxer-ogg: 62fdf1f143b41e24485cea50d1cbac27 -> 
  custom:video-encoder-webm-vp8: eb34c28f22e8b96e1ab97ce403110664 -> 
  custom:video-decoder-webm-vp8: 9c59270c3fd7afecdb556c50c9e8de78 -> 
  custom:audio-decoder-ogg-vorbis: bf7c407c2cedff20999df2af8eb42d56 -> 
  custom:audio-encoder-webm-vorbis: bf7c407c2cedff20999df2af8eb42d56 -> 
========================================================================
Received Prepare
Registering precompiled user dll's ...
Registered in 0.006230 seconds.
Begin MonoManager ReloadAssembly
Native extension for WindowsStandalone target not found
Refreshing native plugins compatible for Editor in 0.67 ms, found 3 plugins.
Preloading 0 native plugins for Editor in 0.00 ms.
Mono: successfully reloaded assembly
- Completed reload, in  1.281 seconds
Domain Reload Profiling:
	ReloadAssembly (1282ms)
		BeginReloadAssembly (128ms)
			ExecutionOrderSort (0ms)
			DisableScriptedObjects (8ms)
			BackupInstance (0ms)
			ReleaseScriptingObjects (0ms)
			CreateAndSetChildDomain (40ms)
		EndReloadAssembly (1087ms)
			LoadAssemblies (104ms)
			RebuildTransferFunctionScriptingTraits (0ms)
			SetupTypeCache (356ms)
			ReleaseScriptCaches (1ms)
			RebuildScriptCaches (54ms)
			SetupLoadedEditorAssemblies (381ms)
				LogAssemblyErrors (0ms)
				InitializePlatformSupportModulesInManaged (5ms)
				SetLoadedEditorAssemblies (0ms)
				RefreshPlugins (1ms)
				BeforeProcessingInitializeOnLoad (101ms)
				ProcessInitializeOnLoadAttributes (261ms)
				ProcessInitializeOnLoadMethodAttributes (8ms)
				AfterProcessingInitializeOnLoad (6ms)
				EditorAssembliesLoaded (0ms)
			ExecutionOrderSort2 (0ms)
			AwakeInstancesAfterBackupRestoration (30ms)
Platform modules already initialized, skipping
Shader 'Universal Render Pipeline/Particles/Lit': fallback shader 'Universal Render Pipeline/Particles/SimpleLit' not found
Refreshing native plugins compatible for Editor in 0.68 ms, found 3 plugins.
Preloading 0 native plugins for Editor in 0.00 ms.
Unloading 3237 Unused Serialized files (Serialized files now loaded: 0)
System memory in use before: 145.6 MB.
System memory in use after: 145.7 MB.

Unloading 22 unused Assets to reduce memory usage. Loaded Objects now: 3947.
Total: 3.053900 ms (FindLiveObjects: 0.336600 ms CreateObjectMapping: 0.169000 ms MarkObjects: 2.384300 ms  DeleteObjects: 0.162900 ms)

AssetImportParameters requested are different than current active one (requested -> active):
  custom:framework-win-MediaFoundation: 216162199b28c13a410421893ffa2e32 -> 
  custom:video-decoder-ogg-theora: a1e56fd34408186e4bbccfd4996cb3dc -> 
  custom:container-muxer-webm: aa71ff27fc2769a1b78a27578f13a17b -> 
  custom:container-demuxer-webm: 4f35f7cbe854078d1ac9338744f61a02 -> 
  custom:container-demuxer-ogg: 62fdf1f143b41e24485cea50d1cbac27 -> 
  custom:video-encoder-webm-vp8: eb34c28f22e8b96e1ab97ce403110664 -> 
  custom:video-decoder-webm-vp8: 9c59270c3fd7afecdb556c50c9e8de78 -> 
  custom:audio-decoder-ogg-vorbis: bf7c407c2cedff20999df2af8eb42d56 -> 
  custom:audio-encoder-webm-vorbis: bf7c407c2cedff20999df2af8eb42d56 -> 
========================================================================
Received Prepare
Registering precompiled user dll's ...
Registered in 0.006707 seconds.
Begin MonoManager ReloadAssembly
Native extension for WindowsStandalone target not found
Refreshing native plugins compatible for Editor in 0.97 ms, found 3 plugins.
Preloading 0 native plugins for Editor in 0.00 ms.
Mono: successfully reloaded assembly
- Completed reload, in  2.173 seconds
Domain Reload Profiling:
	ReloadAssembly (2174ms)
		BeginReloadAssembly (184ms)
			ExecutionOrderSort (0ms)
			DisableScriptedObjects (17ms)
			BackupInstance (0ms)
			ReleaseScriptingObjects (0ms)
			CreateAndSetChildDomain (44ms)
		EndReloadAssembly (1882ms)
			LoadAssemblies (157ms)
			RebuildTransferFunctionScriptingTraits (0ms)
			SetupTypeCache (552ms)
			ReleaseScriptCaches (2ms)
			RebuildScriptCaches (72ms)
			SetupLoadedEditorAssemblies (715ms)
				LogAssemblyErrors (0ms)
				InitializePlatformSupportModulesInManaged (7ms)
				SetLoadedEditorAssemblies (1ms)
				RefreshPlugins (1ms)
				BeforeProcessingInitializeOnLoad (163ms)
				ProcessInitializeOnLoadAttributes (532ms)
				ProcessInitializeOnLoadMethodAttributes (6ms)
				AfterProcessingInitializeOnLoad (5ms)
				EditorAssembliesLoaded (0ms)
			ExecutionOrderSort2 (0ms)
			AwakeInstancesAfterBackupRestoration (23ms)
Platform modules already initialized, skipping
Shader 'Universal Render Pipeline/Particles/Lit': fallback shader 'Universal Render Pipeline/Particles/SimpleLit' not found
Refreshing native plugins compatible for Editor in 0.69 ms, found 3 plugins.
Preloading 0 native plugins for Editor in 0.00 ms.
Unloading 3237 Unused Serialized files (Serialized files now loaded: 0)
System memory in use before: 145.6 MB.
System memory in use after: 145.7 MB.

Unloading 22 unused Assets to reduce memory usage. Loaded Objects now: 3950.
Total: 3.487000 ms (FindLiveObjects: 0.404400 ms CreateObjectMapping: 0.237100 ms MarkObjects: 2.680800 ms  DeleteObjects: 0.163700 ms)

AssetImportParameters requested are different than current active one (requested -> active):
  custom:framework-win-MediaFoundation: 216162199b28c13a410421893ffa2e32 -> 
  custom:video-decoder-ogg-theora: a1e56fd34408186e4bbccfd4996cb3dc -> 
  custom:container-muxer-webm: aa71ff27fc2769a1b78a27578f13a17b -> 
  custom:container-demuxer-webm: 4f35f7cbe854078d1ac9338744f61a02 -> 
  custom:container-demuxer-ogg: 62fdf1f143b41e24485cea50d1cbac27 -> 
  custom:video-encoder-webm-vp8: eb34c28f22e8b96e1ab97ce403110664 -> 
  custom:video-decoder-webm-vp8: 9c59270c3fd7afecdb556c50c9e8de78 -> 
  custom:audio-decoder-ogg-vorbis: bf7c407c2cedff20999df2af8eb42d56 -> 
  custom:audio-encoder-webm-vorbis: bf7c407c2cedff20999df2af8eb42d56 -> 
AssetImportWorkerClient::OnTransportError - code=2 error=End of file
